[ 2016-12-26T11:34:25+08:00 ] ::1 /thinkphp/nimages/ks_icon.png
INFO: [ app_init ] --START--
INFO: Run Behavior\BuildLiteBehavior [ RunTime:0.000019s ]
INFO: [ app_init ] --END-- [ RunTime:0.000121s ]

[ 2016-12-26T11:35:19+08:00 ] ::1 /thinkphp/nimages/ks_icon.png
INFO: [ app_init ] --START--
INFO: Run Behavior\BuildLiteBehavior [ RunTime:0.000010s ]
INFO: [ app_init ] --END-- [ RunTime:0.000068s ]

[ 2016-12-26T11:36:35+08:00 ] ::1 /thinkphp/nimages/ks_icon.png
INFO: [ app_init ] --START--
INFO: Run Behavior\BuildLiteBehavior [ RunTime:0.000013s ]
INFO: [ app_init ] --END-- [ RunTime:0.000082s ]

[ 2016-12-26T11:37:51+08:00 ] ::1 /thinkphp/nimages/ks_icon.png
INFO: [ app_init ] --START--
INFO: Run Behavior\BuildLiteBehavior [ RunTime:0.000011s ]
INFO: [ app_init ] --END-- [ RunTime:0.000084s ]

[ 2016-12-26T11:38:21+08:00 ] ::1 /thinkphp/nimages/ks_icon.png
INFO: [ app_init ] --START--
INFO: Run Behavior\BuildLiteBehavior [ RunTime:0.000015s ]
INFO: [ app_init ] --END-- [ RunTime:0.000085s ]

[ 2016-12-26T11:38:34+08:00 ] ::1 /thinkphp/nimages/ks_icon.png
INFO: [ app_init ] --START--
INFO: Run Behavior\BuildLiteBehavior [ RunTime:0.000009s ]
INFO: [ app_init ] --END-- [ RunTime:0.000066s ]

[ 2016-12-26T11:40:13+08:00 ] ::1 /thinkphp/nimages/ks_icon.png
INFO: [ app_init ] --START--
INFO: Run Behavior\BuildLiteBehavior [ RunTime:0.000016s ]
INFO: [ app_init ] --END-- [ RunTime:0.000105s ]

[ 2016-12-26T11:40:30+08:00 ] ::1 /thinkphp/nimages/ks_icon.png
INFO: [ app_init ] --START--
INFO: Run Behavior\BuildLiteBehavior [ RunTime:0.000012s ]
INFO: [ app_init ] --END-- [ RunTime:0.000078s ]

[ 2016-12-26T11:40:36+08:00 ] ::1 /thinkphp/nimages/ks_icon.png
INFO: [ app_init ] --START--
INFO: Run Behavior\BuildLiteBehavior [ RunTime:0.000014s ]
INFO: [ app_init ] --END-- [ RunTime:0.000083s ]

[ 2016-12-26T11:40:36+08:00 ] ::1 /thinkphp/nimages/ks_icon.png
INFO: [ app_init ] --START--
INFO: Run Behavior\BuildLiteBehavior [ RunTime:0.000013s ]
INFO: [ app_init ] --END-- [ RunTime:0.000092s ]

[ 2016-12-26T11:46:36+08:00 ] ::1 /thinkphp/nimages/ks_icon.png
INFO: [ app_init ] --START--
INFO: Run Behavior\BuildLiteBehavior [ RunTime:0.000017s ]
INFO: [ app_init ] --END-- [ RunTime:0.000120s ]

[ 2016-12-26T11:47:35+08:00 ] ::1 /thinkphp/nimages/ks_icon.png
INFO: [ app_init ] --START--
INFO: Run Behavior\BuildLiteBehavior [ RunTime:0.000019s ]
INFO: [ app_init ] --END-- [ RunTime:0.000137s ]

[ 2016-12-26T11:47:39+08:00 ] ::1 /thinkphp/nimages/ks_icon.png
INFO: [ app_init ] --START--
INFO: Run Behavior\BuildLiteBehavior [ RunTime:0.000015s ]
INFO: [ app_init ] --END-- [ RunTime:0.000096s ]

[ 2016-12-26T11:47:39+08:00 ] ::1 /thinkphp/nimages/ks_icon.png
INFO: [ app_init ] --START--
INFO: Run Behavior\BuildLiteBehavior [ RunTime:0.000013s ]
INFO: [ app_init ] --END-- [ RunTime:0.000093s ]

[ 2016-12-26T11:49:34+08:00 ] ::1 /thinkphp/nimages/ks_icon.png
INFO: [ app_init ] --START--
INFO: Run Behavior\BuildLiteBehavior [ RunTime:0.000010s ]
INFO: [ app_init ] --END-- [ RunTime:0.000074s ]

[ 2016-12-26T11:49:45+08:00 ] ::1 /thinkphp/nimages/ks_icon.png
INFO: [ app_init ] --START--
INFO: Run Behavior\BuildLiteBehavior [ RunTime:0.000015s ]
INFO: [ app_init ] --END-- [ RunTime:0.000099s ]

[ 2016-12-26T11:49:45+08:00 ] ::1 /thinkphp/nimages/ks_icon.png
INFO: [ app_init ] --START--
INFO: Run Behavior\BuildLiteBehavior [ RunTime:0.000009s ]
INFO: [ app_init ] --END-- [ RunTime:0.000074s ]

[ 2016-12-26T11:49:46+08:00 ] ::1 /thinkphp/nimages/ks_icon.png
INFO: [ app_init ] --START--
INFO: Run Behavior\BuildLiteBehavior [ RunTime:0.000011s ]
INFO: [ app_init ] --END-- [ RunTime:0.000071s ]

[ 2016-12-26T11:52:48+08:00 ] ::1 /thinkphp/nimages/ks_icon.png
INFO: [ app_init ] --START--
INFO: Run Behavior\BuildLiteBehavior [ RunTime:0.000012s ]
INFO: [ app_init ] --END-- [ RunTime:0.000088s ]

[ 2016-12-26T11:53:15+08:00 ] ::1 /thinkphp/nimages/ks_icon.png
INFO: [ app_init ] --START--
INFO: Run Behavior\BuildLiteBehavior [ RunTime:0.000011s ]
INFO: [ app_init ] --END-- [ RunTime:0.000074s ]

[ 2016-12-26T11:53:22+08:00 ] ::1 /thinkphp/nimages/ks_icon.png
INFO: [ app_init ] --START--
INFO: Run Behavior\BuildLiteBehavior [ RunTime:0.000019s ]
INFO: [ app_init ] --END-- [ RunTime:0.000123s ]

[ 2016-12-26T11:53:25+08:00 ] ::1 /thinkphp/nimages/ks_icon.png
INFO: [ app_init ] --START--
INFO: Run Behavior\BuildLiteBehavior [ RunTime:0.000033s ]
INFO: [ app_init ] --END-- [ RunTime:0.000132s ]

[ 2016-12-26T11:53:25+08:00 ] ::1 /thinkphp/nimages/ks_icon.png
INFO: [ app_init ] --START--
INFO: Run Behavior\BuildLiteBehavior [ RunTime:0.000010s ]
INFO: [ app_init ] --END-- [ RunTime:0.000066s ]

[ 2016-12-26T11:53:26+08:00 ] ::1 /thinkphp/nimages/ks_icon.png
INFO: [ app_init ] --START--
INFO: Run Behavior\BuildLiteBehavior [ RunTime:0.000021s ]
INFO: [ app_init ] --END-- [ RunTime:0.000144s ]

[ 2016-12-26T11:53:26+08:00 ] ::1 /thinkphp/nimages/ks_icon.png
INFO: [ app_init ] --START--
INFO: Run Behavior\BuildLiteBehavior [ RunTime:0.000021s ]
INFO: [ app_init ] --END-- [ RunTime:0.000143s ]

[ 2016-12-26T11:53:26+08:00 ] ::1 /thinkphp/nimages/ks_icon.png
INFO: [ app_init ] --START--
INFO: Run Behavior\BuildLiteBehavior [ RunTime:0.000011s ]
INFO: [ app_init ] --END-- [ RunTime:0.000070s ]

[ 2016-12-26T11:53:26+08:00 ] ::1 /thinkphp/nimages/ks_icon.png
INFO: [ app_init ] --START--
INFO: Run Behavior\BuildLiteBehavior [ RunTime:0.000018s ]
INFO: [ app_init ] --END-- [ RunTime:0.000112s ]

[ 2016-12-26T11:53:26+08:00 ] ::1 /thinkphp/nimages/ks_icon.png
INFO: [ app_init ] --START--
INFO: Run Behavior\BuildLiteBehavior [ RunTime:0.000022s ]
INFO: [ app_init ] --END-- [ RunTime:0.000183s ]

[ 2016-12-26T11:54:03+08:00 ] ::1 /thinkphp/nimages/ks_icon.png
INFO: [ app_init ] --START--
INFO: Run Behavior\BuildLiteBehavior [ RunTime:0.000017s ]
INFO: [ app_init ] --END-- [ RunTime:0.000124s ]

[ 2016-12-26T11:54:13+08:00 ] ::1 /thinkphp/nimages/ks_icon.png
INFO: [ app_init ] --START--
INFO: Run Behavior\BuildLiteBehavior [ RunTime:0.000011s ]
INFO: [ app_init ] --END-- [ RunTime:0.000074s ]

[ 2016-12-26T11:54:13+08:00 ] ::1 /thinkphp/nimages/ks_icon.png
INFO: [ app_init ] --START--
INFO: Run Behavior\BuildLiteBehavior [ RunTime:0.000010s ]
INFO: [ app_init ] --END-- [ RunTime:0.000068s ]

[ 2016-12-26T11:54:14+08:00 ] ::1 /thinkphp/nimages/ks_icon.png
INFO: [ app_init ] --START--
INFO: Run Behavior\BuildLiteBehavior [ RunTime:0.000014s ]
INFO: [ app_init ] --END-- [ RunTime:0.000097s ]

[ 2016-12-26T11:54:46+08:00 ] ::1 /thinkphp/nimages/ks_icon.png
INFO: [ app_init ] --START--
INFO: Run Behavior\BuildLiteBehavior [ RunTime:0.000016s ]
INFO: [ app_init ] --END-- [ RunTime:0.000104s ]

[ 2016-12-26T11:54:48+08:00 ] ::1 /thinkphp/nimages/ks_icon.png
INFO: [ app_init ] --START--
INFO: Run Behavior\BuildLiteBehavior [ RunTime:0.000035s ]
INFO: [ app_init ] --END-- [ RunTime:0.000176s ]

[ 2016-12-26T11:54:50+08:00 ] ::1 /thinkphp/nimages/ks_icon.png
INFO: [ app_init ] --START--
INFO: Run Behavior\BuildLiteBehavior [ RunTime:0.000016s ]
INFO: [ app_init ] --END-- [ RunTime:0.000100s ]

[ 2016-12-26T11:55:01+08:00 ] ::1 /thinkphp/nimages/ks_icon.png
INFO: [ app_init ] --START--
INFO: Run Behavior\BuildLiteBehavior [ RunTime:0.000011s ]
INFO: [ app_init ] --END-- [ RunTime:0.000078s ]

[ 2016-12-26T11:55:01+08:00 ] ::1 /thinkphp/nimages/ks_icon.png
INFO: [ app_init ] --START--
INFO: Run Behavior\BuildLiteBehavior [ RunTime:0.000019s ]
INFO: [ app_init ] --END-- [ RunTime:0.000136s ]

[ 2016-12-26T11:55:02+08:00 ] ::1 /thinkphp/nimages/ks_icon.png
INFO: [ app_init ] --START--
INFO: Run Behavior\BuildLiteBehavior [ RunTime:0.000010s ]
INFO: [ app_init ] --END-- [ RunTime:0.000100s ]

[ 2016-12-26T11:58:24+08:00 ] ::1 /thinkphp/nimages/ks_icon.png
INFO: [ app_init ] --START--
INFO: Run Behavior\BuildLiteBehavior [ RunTime:0.000009s ]
INFO: [ app_init ] --END-- [ RunTime:0.000063s ]

[ 2016-12-26T14:34:12+08:00 ] ::1 /thinkphp/home/images/nav_div_bg.jpg
INFO: [ app_init ] --START--
INFO: Run Behavior\BuildLiteBehavior [ RunTime:0.000020s ]
INFO: [ app_init ] --END-- [ RunTime:0.000137s ]

[ 2016-12-26T14:36:06+08:00 ] ::1 /thinkphp/home/images/nav_div_bg.jpg
INFO: [ app_init ] --START--
INFO: Run Behavior\BuildLiteBehavior [ RunTime:0.000013s ]
INFO: [ app_init ] --END-- [ RunTime:0.000092s ]

[ 2016-12-26T14:36:07+08:00 ] ::1 /thinkphp/home/images/nav_div_bg.jpg
INFO: [ app_init ] --START--
INFO: Run Behavior\BuildLiteBehavior [ RunTime:0.000010s ]
INFO: [ app_init ] --END-- [ RunTime:0.000073s ]

[ 2016-12-26T14:41:19+08:00 ] ::1 /thinkphp/home/images/nav_div_bg.jpg
INFO: [ app_init ] --START--
INFO: Run Behavior\BuildLiteBehavior [ RunTime:0.000014s ]
INFO: [ app_init ] --END-- [ RunTime:0.000093s ]

[ 2016-12-26T14:41:21+08:00 ] ::1 /thinkphp/home/images/nav_div_bg.jpg
INFO: [ app_init ] --START--
INFO: Run Behavior\BuildLiteBehavior [ RunTime:0.000017s ]
INFO: [ app_init ] --END-- [ RunTime:0.000132s ]

[ 2016-12-26T14:41:26+08:00 ] ::1 /thinkphp/home/images/nav_div_bg.jpg
INFO: [ app_init ] --START--
INFO: Run Behavior\BuildLiteBehavior [ RunTime:0.000024s ]
INFO: [ app_init ] --END-- [ RunTime:0.000170s ]

[ 2016-12-26T14:41:28+08:00 ] ::1 /thinkphp/home/images/nav_div_bg.jpg
INFO: [ app_init ] --START--
INFO: Run Behavior\BuildLiteBehavior [ RunTime:0.000017s ]
INFO: [ app_init ] --END-- [ RunTime:0.000089s ]

[ 2016-12-26T14:41:30+08:00 ] ::1 /thinkphp/home/images/nav_div_bg.jpg
INFO: [ app_init ] --START--
INFO: Run Behavior\BuildLiteBehavior [ RunTime:0.000017s ]
INFO: [ app_init ] --END-- [ RunTime:0.000109s ]

[ 2016-12-26T15:04:26+08:00 ] ::1 /thinkphp/nimages/11.png
INFO: [ app_init ] --START--
INFO: Run Behavior\BuildLiteBehavior [ RunTime:0.000012s ]
INFO: [ app_init ] --END-- [ RunTime:0.000085s ]

[ 2016-12-26T15:08:47+08:00 ] ::1 /thinkphp/nimages/11.png
INFO: [ app_init ] --START--
INFO: Run Behavior\BuildLiteBehavior [ RunTime:0.000011s ]
INFO: [ app_init ] --END-- [ RunTime:0.000071s ]

[ 2016-12-26T15:08:58+08:00 ] ::1 /thinkphp/nimages/11.png
INFO: [ app_init ] --START--
INFO: Run Behavior\BuildLiteBehavior [ RunTime:0.000010s ]
INFO: [ app_init ] --END-- [ RunTime:0.000068s ]

[ 2016-12-26T15:08:59+08:00 ] ::1 /thinkphp/nimages/11.png
INFO: [ app_init ] --START--
INFO: Run Behavior\BuildLiteBehavior [ RunTime:0.000013s ]
INFO: [ app_init ] --END-- [ RunTime:0.000088s ]

[ 2016-12-26T15:09:42+08:00 ] ::1 /thinkphp/nimages/11.png
INFO: [ app_init ] --START--
INFO: Run Behavior\BuildLiteBehavior [ RunTime:0.000013s ]
INFO: [ app_init ] --END-- [ RunTime:0.000090s ]

[ 2016-12-26T15:09:43+08:00 ] ::1 /thinkphp/nimages/11.png
INFO: [ app_init ] --START--
INFO: Run Behavior\BuildLiteBehavior [ RunTime:0.000009s ]
INFO: [ app_init ] --END-- [ RunTime:0.000065s ]

[ 2016-12-26T15:09:43+08:00 ] ::1 /thinkphp/nimages/11.png
INFO: [ app_init ] --START--
INFO: Run Behavior\BuildLiteBehavior [ RunTime:0.000013s ]
INFO: [ app_init ] --END-- [ RunTime:0.000090s ]

[ 2016-12-26T15:09:44+08:00 ] ::1 /thinkphp/nimages/11.png
INFO: [ app_init ] --START--
INFO: Run Behavior\BuildLiteBehavior [ RunTime:0.000015s ]
INFO: [ app_init ] --END-- [ RunTime:0.000093s ]

[ 2016-12-26T15:12:07+08:00 ] ::1 /thinkphp/home/nav_div_bg.jpg
INFO: [ app_init ] --START--
INFO: Run Behavior\BuildLiteBehavior [ RunTime:0.000009s ]
INFO: [ app_init ] --END-- [ RunTime:0.000064s ]

[ 2016-12-26T15:12:07+08:00 ] ::1 /thinkphp/nimages/11.png
INFO: [ app_init ] --START--
INFO: Run Behavior\BuildLiteBehavior [ RunTime:0.000010s ]
INFO: [ app_init ] --END-- [ RunTime:0.000068s ]

[ 2016-12-26T15:12:08+08:00 ] ::1 /thinkphp/home/nav_div_bg.jpg
INFO: [ app_init ] --START--
INFO: Run Behavior\BuildLiteBehavior [ RunTime:0.000009s ]
INFO: [ app_init ] --END-- [ RunTime:0.000061s ]

[ 2016-12-26T15:12:08+08:00 ] ::1 /thinkphp/nimages/11.png
INFO: [ app_init ] --START--
INFO: Run Behavior\BuildLiteBehavior [ RunTime:0.000010s ]
INFO: [ app_init ] --END-- [ RunTime:0.000065s ]

[ 2016-12-26T15:21:21+08:00 ] ::1 /thinkphp/home/images/line.gif
INFO: [ app_init ] --START--
INFO: Run Behavior\BuildLiteBehavior [ RunTime:0.000009s ]
INFO: [ app_init ] --END-- [ RunTime:0.000063s ]

[ 2016-12-26T15:21:21+08:00 ] ::1 /thinkphp/nimages/11.png
INFO: [ app_init ] --START--
INFO: Run Behavior\BuildLiteBehavior [ RunTime:0.000011s ]
INFO: [ app_init ] --END-- [ RunTime:0.000069s ]

[ 2016-12-26T15:22:13+08:00 ] ::1 /thinkphp/home/images/line.gif
INFO: [ app_init ] --START--
INFO: Run Behavior\BuildLiteBehavior [ RunTime:0.000013s ]
INFO: [ app_init ] --END-- [ RunTime:0.000091s ]

[ 2016-12-26T15:22:13+08:00 ] ::1 /thinkphp/nimages/11.png
INFO: [ app_init ] --START--
INFO: Run Behavior\BuildLiteBehavior [ RunTime:0.000014s ]
INFO: [ app_init ] --END-- [ RunTime:0.000093s ]

[ 2016-12-26T15:22:14+08:00 ] ::1 /thinkphp/home/images/line.gif
INFO: [ app_init ] --START--
INFO: Run Behavior\BuildLiteBehavior [ RunTime:0.000014s ]
INFO: [ app_init ] --END-- [ RunTime:0.000093s ]

[ 2016-12-26T15:22:14+08:00 ] ::1 /thinkphp/nimages/11.png
INFO: [ app_init ] --START--
INFO: Run Behavior\BuildLiteBehavior [ RunTime:0.000010s ]
INFO: [ app_init ] --END-- [ RunTime:0.000066s ]

[ 2016-12-26T15:22:15+08:00 ] ::1 /thinkphp/home/images/line.gif
INFO: [ app_init ] --START--
INFO: Run Behavior\BuildLiteBehavior [ RunTime:0.000009s ]
INFO: [ app_init ] --END-- [ RunTime:0.000065s ]

[ 2016-12-26T15:22:15+08:00 ] ::1 /thinkphp/nimages/11.png
INFO: [ app_init ] --START--
INFO: Run Behavior\BuildLiteBehavior [ RunTime:0.000009s ]
INFO: [ app_init ] --END-- [ RunTime:0.000067s ]

[ 2016-12-26T15:24:12+08:00 ] ::1 /thinkphp/home/images/line.gif
INFO: [ app_init ] --START--
INFO: Run Behavior\BuildLiteBehavior [ RunTime:0.000015s ]
INFO: [ app_init ] --END-- [ RunTime:0.000096s ]

[ 2016-12-26T15:24:12+08:00 ] ::1 /thinkphp/nimages/11.png
INFO: [ app_init ] --START--
INFO: Run Behavior\BuildLiteBehavior [ RunTime:0.000012s ]
INFO: [ app_init ] --END-- [ RunTime:0.000088s ]

[ 2016-12-26T15:24:13+08:00 ] ::1 /thinkphp/home/images/line.gif
INFO: [ app_init ] --START--
INFO: Run Behavior\BuildLiteBehavior [ RunTime:0.000013s ]
INFO: [ app_init ] --END-- [ RunTime:0.000091s ]

[ 2016-12-26T15:24:13+08:00 ] ::1 /thinkphp/nimages/11.png
INFO: [ app_init ] --START--
INFO: Run Behavior\BuildLiteBehavior [ RunTime:0.000010s ]
INFO: [ app_init ] --END-- [ RunTime:0.000064s ]

[ 2016-12-26T15:27:18+08:00 ] ::1 /thinkphp/nimages/11.png
INFO: [ app_init ] --START--
INFO: Run Behavior\BuildLiteBehavior [ RunTime:0.000009s ]
INFO: [ app_init ] --END-- [ RunTime:0.000065s ]

[ 2016-12-26T15:27:20+08:00 ] ::1 /thinkphp/nimages/11.png
INFO: [ app_init ] --START--
INFO: Run Behavior\BuildLiteBehavior [ RunTime:0.000015s ]
INFO: [ app_init ] --END-- [ RunTime:0.000099s ]

[ 2016-12-26T15:27:34+08:00 ] ::1 /thinkphp/nimages/11.png
INFO: [ app_init ] --START--
INFO: Run Behavior\BuildLiteBehavior [ RunTime:0.000011s ]
INFO: [ app_init ] --END-- [ RunTime:0.000076s ]

[ 2016-12-26T15:31:22+08:00 ] ::1 /thinkphp/nimages/11.png
INFO: [ app_init ] --START--
INFO: Run Behavior\BuildLiteBehavior [ RunTime:0.000026s ]
INFO: [ app_init ] --END-- [ RunTime:0.000101s ]

[ 2016-12-26T15:31:23+08:00 ] ::1 /thinkphp/nimages/11.png
INFO: [ app_init ] --START--
INFO: Run Behavior\BuildLiteBehavior [ RunTime:0.000014s ]
INFO: [ app_init ] --END-- [ RunTime:0.000093s ]

[ 2016-12-26T15:32:13+08:00 ] ::1 /thinkphp/nimages/11.png
INFO: [ app_init ] --START--
INFO: Run Behavior\BuildLiteBehavior [ RunTime:0.000013s ]
INFO: [ app_init ] --END-- [ RunTime:0.000084s ]

[ 2016-12-26T15:32:42+08:00 ] ::1 /thinkphp/nimages/11.png
INFO: [ app_init ] --START--
INFO: Run Behavior\BuildLiteBehavior [ RunTime:0.000015s ]
INFO: [ app_init ] --END-- [ RunTime:0.000104s ]

[ 2016-12-26T15:32:43+08:00 ] ::1 /thinkphp/nimages/11.png
INFO: [ app_init ] --START--
INFO: Run Behavior\BuildLiteBehavior [ RunTime:0.000010s ]
INFO: [ app_init ] --END-- [ RunTime:0.000067s ]

[ 2016-12-26T15:32:44+08:00 ] ::1 /thinkphp/nimages/11.png
INFO: [ app_init ] --START--
INFO: Run Behavior\BuildLiteBehavior [ RunTime:0.000011s ]
INFO: [ app_init ] --END-- [ RunTime:0.000074s ]

[ 2016-12-26T15:32:44+08:00 ] ::1 /thinkphp/nimages/11.png
INFO: [ app_init ] --START--
INFO: Run Behavior\BuildLiteBehavior [ RunTime:0.000015s ]
INFO: [ app_init ] --END-- [ RunTime:0.000091s ]

[ 2016-12-26T15:33:06+08:00 ] ::1 /thinkphp/nimages/11.png
INFO: [ app_init ] --START--
INFO: Run Behavior\BuildLiteBehavior [ RunTime:0.000015s ]
INFO: [ app_init ] --END-- [ RunTime:0.000103s ]

[ 2016-12-26T15:33:06+08:00 ] ::1 /thinkphp/nimages/11.png
INFO: [ app_init ] --START--
INFO: Run Behavior\BuildLiteBehavior [ RunTime:0.000010s ]
INFO: [ app_init ] --END-- [ RunTime:0.000064s ]

[ 2016-12-26T15:42:04+08:00 ] ::1 /thinkphp/home/images/nav_div_bg.jpg
INFO: [ app_init ] --START--
INFO: Run Behavior\BuildLiteBehavior [ RunTime:0.000012s ]
INFO: [ app_init ] --END-- [ RunTime:0.000083s ]

[ 2016-12-26T15:44:16+08:00 ] ::1 /thinkphp/home/images/nav_div_bg.jpg
INFO: [ app_init ] --START--
INFO: Run Behavior\BuildLiteBehavior [ RunTime:0.000176s ]
INFO: [ app_init ] --END-- [ RunTime:0.000260s ]

[ 2016-12-26T15:44:17+08:00 ] ::1 /thinkphp/home/images/nav_div_bg.jpg
INFO: [ app_init ] --START--
INFO: Run Behavior\BuildLiteBehavior [ RunTime:0.000010s ]
INFO: [ app_init ] --END-- [ RunTime:0.000065s ]

[ 2016-12-26T15:45:08+08:00 ] ::1 /thinkphp/home/images/nav_div_bg.jpg
INFO: [ app_init ] --START--
INFO: Run Behavior\BuildLiteBehavior [ RunTime:0.000012s ]
INFO: [ app_init ] --END-- [ RunTime:0.000089s ]

[ 2016-12-26T15:45:44+08:00 ] ::1 /thinkphp/home/images/nav_div_bg.jpg
INFO: [ app_init ] --START--
INFO: Run Behavior\BuildLiteBehavior [ RunTime:0.000009s ]
INFO: [ app_init ] --END-- [ RunTime:0.000063s ]

[ 2016-12-26T15:49:49+08:00 ] ::1 /thinkphp/Public/img/weixin.jpg
INFO: [ app_init ] --START--
INFO: Run Behavior\BuildLiteBehavior [ RunTime:0.000017s ]
INFO: [ app_init ] --END-- [ RunTime:0.000111s ]

[ 2016-12-26T15:49:49+08:00 ] ::1 /thinkphp/home/images/nav_div_bg.jpg
INFO: [ app_init ] --START--
INFO: Run Behavior\BuildLiteBehavior [ RunTime:0.000012s ]
INFO: [ app_init ] --END-- [ RunTime:0.000081s ]

[ 2016-12-26T15:49:49+08:00 ] ::1 /thinkphp/Public/img/weixin.jpg
INFO: [ app_init ] --START--
INFO: Run Behavior\BuildLiteBehavior [ RunTime:0.000011s ]
INFO: [ app_init ] --END-- [ RunTime:0.000080s ]

[ 2016-12-26T15:50:05+08:00 ] ::1 /thinkphp/home/images/nav_div_bg.jpg
INFO: [ app_init ] --START--
INFO: Run Behavior\BuildLiteBehavior [ RunTime:0.000010s ]
INFO: [ app_init ] --END-- [ RunTime:0.000064s ]

[ 2016-12-26T15:51:01+08:00 ] ::1 /thinkphp/home/images/nav_div_bg.jpg
INFO: [ app_init ] --START--
INFO: Run Behavior\BuildLiteBehavior [ RunTime:0.000013s ]
INFO: [ app_init ] --END-- [ RunTime:0.000095s ]

[ 2016-12-26T15:53:46+08:00 ] ::1 /thinkphp/home/images/nav_div_bg.jpg
INFO: [ app_init ] --START--
INFO: Run Behavior\BuildLiteBehavior [ RunTime:0.000009s ]
INFO: [ app_init ] --END-- [ RunTime:0.000065s ]

[ 2016-12-26T15:53:49+08:00 ] ::1 /thinkphp/home/images/nav_div_bg.jpg
INFO: [ app_init ] --START--
INFO: Run Behavior\BuildLiteBehavior [ RunTime:0.000025s ]
INFO: [ app_init ] --END-- [ RunTime:0.000114s ]

[ 2016-12-26T15:55:26+08:00 ] ::1 /thinkphp/home/images/nav_div_bg.jpg
INFO: [ app_init ] --START--
INFO: Run Behavior\BuildLiteBehavior [ RunTime:0.000010s ]
INFO: [ app_init ] --END-- [ RunTime:0.000065s ]

[ 2016-12-26T15:55:44+08:00 ] ::1 /thinkphp/home/images/nav_div_bg.jpg
INFO: [ app_init ] --START--
INFO: Run Behavior\BuildLiteBehavior [ RunTime:0.000010s ]
INFO: [ app_init ] --END-- [ RunTime:0.000068s ]

[ 2016-12-26T15:58:47+08:00 ] ::1 /thinkphp/home/images/line.gif
INFO: [ app_init ] --START--
INFO: Run Behavior\BuildLiteBehavior [ RunTime:0.000009s ]
INFO: [ app_init ] --END-- [ RunTime:0.000064s ]

[ 2016-12-26T15:59:20+08:00 ] ::1 /thinkphp/home/images/line.gif
INFO: [ app_init ] --START--
INFO: Run Behavior\BuildLiteBehavior [ RunTime:0.000013s ]
INFO: [ app_init ] --END-- [ RunTime:0.000090s ]

[ 2016-12-26T16:01:07+08:00 ] ::1 /thinkphp/home/images/line.gif
INFO: [ app_init ] --START--
INFO: Run Behavior\BuildLiteBehavior [ RunTime:0.000012s ]
INFO: [ app_init ] --END-- [ RunTime:0.000077s ]

[ 2016-12-26T16:01:25+08:00 ] ::1 /thinkphp/home/images/line.gif
INFO: [ app_init ] --START--
INFO: Run Behavior\BuildLiteBehavior [ RunTime:0.000015s ]
INFO: [ app_init ] --END-- [ RunTime:0.000108s ]

[ 2016-12-26T16:01:26+08:00 ] ::1 /thinkphp/home/images/line.gif
INFO: [ app_init ] --START--
INFO: Run Behavior\BuildLiteBehavior [ RunTime:0.000014s ]
INFO: [ app_init ] --END-- [ RunTime:0.000094s ]

[ 2016-12-26T16:02:48+08:00 ] ::1 /thinkphp/home/images/line.gif
INFO: [ app_init ] --START--
INFO: Run Behavior\BuildLiteBehavior [ RunTime:0.000015s ]
INFO: [ app_init ] --END-- [ RunTime:0.000097s ]

[ 2016-12-26T16:24:53+08:00 ] ::1 /thinkphp/home/images/ad_ctr.png
INFO: [ app_init ] --START--
INFO: Run Behavior\BuildLiteBehavior [ RunTime:0.000014s ]
INFO: [ app_init ] --END-- [ RunTime:0.000099s ]

[ 2016-12-26T16:24:53+08:00 ] ::1 /thinkphp/home/images/dot.png
INFO: [ app_init ] --START--
INFO: Run Behavior\BuildLiteBehavior [ RunTime:0.000011s ]
INFO: [ app_init ] --END-- [ RunTime:0.000076s ]

[ 2016-12-26T16:26:28+08:00 ] ::1 /thinkphp/home/images/ad_ctr.png
INFO: [ app_init ] --START--
INFO: Run Behavior\BuildLiteBehavior [ RunTime:0.000009s ]
INFO: [ app_init ] --END-- [ RunTime:0.000065s ]

[ 2016-12-26T16:26:28+08:00 ] ::1 /thinkphp/home/images/dot.png
INFO: [ app_init ] --START--
INFO: Run Behavior\BuildLiteBehavior [ RunTime:0.000012s ]
INFO: [ app_init ] --END-- [ RunTime:0.000075s ]

[ 2016-12-26T17:38:32+08:00 ] ::1 /thinkphp/Public/home/css/img/top_logo.png
INFO: [ app_init ] --START--
INFO: Run Behavior\BuildLiteBehavior [ RunTime:0.000015s ]
INFO: [ app_init ] --END-- [ RunTime:0.000100s ]

[ 2016-12-26T17:39:09+08:00 ] ::1 /thinkphp/Public/home/thinkphp/Public/home/img/top_logo.png
INFO: [ app_init ] --START--
INFO: Run Behavior\BuildLiteBehavior [ RunTime:0.000016s ]
INFO: [ app_init ] --END-- [ RunTime:0.000101s ]

[ 2016-12-26T17:39:10+08:00 ] ::1 /thinkphp/Public/home/thinkphp/Public/home/img/top_logo.png
INFO: [ app_init ] --START--
INFO: Run Behavior\BuildLiteBehavior [ RunTime:0.000015s ]
INFO: [ app_init ] --END-- [ RunTime:0.000103s ]

[ 2016-12-26T17:40:05+08:00 ] ::1 /thinkphp/Public/home/css/thinkphp/Public/home/img/top_logo.png
INFO: [ app_init ] --START--
INFO: Run Behavior\BuildLiteBehavior [ RunTime:0.000015s ]
INFO: [ app_init ] --END-- [ RunTime:0.000105s ]

[ 2016-12-26T17:40:07+08:00 ] ::1 /thinkphp/Public/home/css/thinkphp/Public/home/img/top_logo.png
INFO: [ app_init ] --START--
INFO: Run Behavior\BuildLiteBehavior [ RunTime:0.000018s ]
INFO: [ app_init ] --END-- [ RunTime:0.000107s ]

[ 2016-12-26T17:59:01+08:00 ] ::1 /thinkphp/home/images/line.gif
INFO: [ app_init ] --START--
INFO: Run Behavior\BuildLiteBehavior [ RunTime:0.000009s ]
INFO: [ app_init ] --END-- [ RunTime:0.000064s ]

[ 2016-12-26T18:00:46+08:00 ] ::1 /thinkphp/home/images/line.gif
INFO: [ app_init ] --START--
INFO: Run Behavior\BuildLiteBehavior [ RunTime:0.000015s ]
INFO: [ app_init ] --END-- [ RunTime:0.000093s ]

[ 2016-12-26T18:01:11+08:00 ] ::1 /thinkphp/home/images/line.gif
INFO: [ app_init ] --START--
INFO: Run Behavior\BuildLiteBehavior [ RunTime:0.000013s ]
INFO: [ app_init ] --END-- [ RunTime:0.000088s ]

[ 2016-12-26T18:01:36+08:00 ] ::1 /thinkphp/home/images/line.gif
INFO: [ app_init ] --START--
INFO: Run Behavior\BuildLiteBehavior [ RunTime:0.000015s ]
INFO: [ app_init ] --END-- [ RunTime:0.000097s ]

[ 2016-12-26T18:01:38+08:00 ] ::1 /thinkphp/home/images/line.gif
INFO: [ app_init ] --START--
INFO: Run Behavior\BuildLiteBehavior [ RunTime:0.000016s ]
INFO: [ app_init ] --END-- [ RunTime:0.000184s ]

[ 2016-12-26T18:01:39+08:00 ] ::1 /thinkphp/home/images/line.gif
INFO: [ app_init ] --START--
INFO: Run Behavior\BuildLiteBehavior [ RunTime:0.000014s ]
INFO: [ app_init ] --END-- [ RunTime:0.000094s ]

[ 2016-12-26T18:33:12+08:00 ] ::1 /thinkphp/home/images/line.gif
INFO: [ app_init ] --START--
INFO: Run Behavior\BuildLiteBehavior [ RunTime:0.000011s ]
INFO: [ app_init ] --END-- [ RunTime:0.000069s ]

[ 2016-12-26T18:36:54+08:00 ] ::1 /thinkphp/home/images/line.gif
INFO: [ app_init ] --START--
INFO: Run Behavior\BuildLiteBehavior [ RunTime:0.000012s ]
INFO: [ app_init ] --END-- [ RunTime:0.000082s ]

[ 2016-12-26T18:36:55+08:00 ] ::1 /thinkphp/home/images/line.gif
INFO: [ app_init ] --START--
INFO: Run Behavior\BuildLiteBehavior [ RunTime:0.000014s ]
INFO: [ app_init ] --END-- [ RunTime:0.000096s ]

[ 2016-12-26T18:36:56+08:00 ] ::1 /thinkphp/home/images/line.gif
INFO: [ app_init ] --START--
INFO: Run Behavior\BuildLiteBehavior [ RunTime:0.000013s ]
INFO: [ app_init ] --END-- [ RunTime:0.000087s ]

[ 2016-12-26T18:37:24+08:00 ] ::1 /thinkphp/home/images/line.gif
INFO: [ app_init ] --START--
INFO: Run Behavior\BuildLiteBehavior [ RunTime:0.000015s ]
INFO: [ app_init ] --END-- [ RunTime:0.000096s ]

[ 2016-12-26T18:38:51+08:00 ] ::1 /thinkphp/home/img/line.gif
INFO: [ app_init ] --START--
INFO: Run Behavior\BuildLiteBehavior [ RunTime:0.000014s ]
INFO: [ app_init ] --END-- [ RunTime:0.000095s ]

[ 2016-12-26T18:39:02+08:00 ] ::1 /thinkphp/home/img/line.gif
INFO: [ app_init ] --START--
INFO: Run Behavior\BuildLiteBehavior [ RunTime:0.000017s ]
INFO: [ app_init ] --END-- [ RunTime:0.000105s ]

[ 2016-12-26T18:39:03+08:00 ] ::1 /thinkphp/home/img/line.gif
INFO: [ app_init ] --START--
INFO: Run Behavior\BuildLiteBehavior [ RunTime:0.000019s ]
INFO: [ app_init ] --END-- [ RunTime:0.000148s ]

[ 2016-12-26T19:19:06+08:00 ] ::1 /thinkphp/home/home/img/line.gif
INFO: [ app_init ] --START--
INFO: Run Behavior\BuildLiteBehavior [ RunTime:0.000014s ]
INFO: [ app_init ] --END-- [ RunTime:0.000099s ]

[ 2016-12-26T21:20:12+08:00 ] ::1 /thinkphp/home/home/img/line.gif
INFO: [ app_init ] --START--
INFO: Run Behavior\BuildLiteBehavior [ RunTime:0.000009s ]
INFO: [ app_init ] --END-- [ RunTime:0.000066s ]

[ 2016-12-26T21:21:27+08:00 ] ::1 /thinkphp/home/home/img/line.gif
INFO: [ app_init ] --START--
INFO: Run Behavior\BuildLiteBehavior [ RunTime:0.000013s ]
INFO: [ app_init ] --END-- [ RunTime:0.000091s ]

[ 2016-12-26T21:22:19+08:00 ] ::1 /thinkphp/home/home/img/line.gif
INFO: [ app_init ] --START--
INFO: Run Behavior\BuildLiteBehavior [ RunTime:0.000009s ]
INFO: [ app_init ] --END-- [ RunTime:0.000064s ]

[ 2016-12-26T21:22:28+08:00 ] ::1 /thinkphp/home/home/img/line.gif
INFO: [ app_init ] --START--
INFO: Run Behavior\BuildLiteBehavior [ RunTime:0.000012s ]
INFO: [ app_init ] --END-- [ RunTime:0.000087s ]

[ 2016-12-26T21:22:54+08:00 ] ::1 /thinkphp/home/home/img/line.gif
INFO: [ app_init ] --START--
INFO: Run Behavior\BuildLiteBehavior [ RunTime:0.000013s ]
INFO: [ app_init ] --END-- [ RunTime:0.000091s ]

[ 2016-12-26T21:24:40+08:00 ] ::1 /thinkphp/home/home/img/line.gif
INFO: [ app_init ] --START--
INFO: Run Behavior\BuildLiteBehavior [ RunTime:0.000013s ]
INFO: [ app_init ] --END-- [ RunTime:0.000088s ]

[ 2016-12-26T21:26:58+08:00 ] ::1 /thinkphp/home/home/img/line.gif
INFO: [ app_init ] --START--
INFO: Run Behavior\BuildLiteBehavior [ RunTime:0.000010s ]
INFO: [ app_init ] --END-- [ RunTime:0.000066s ]

[ 2016-12-26T21:26:59+08:00 ] ::1 /thinkphp/home/home/img/line.gif
INFO: [ app_init ] --START--
INFO: Run Behavior\BuildLiteBehavior [ RunTime:0.000012s ]
INFO: [ app_init ] --END-- [ RunTime:0.000089s ]

[ 2016-12-26T21:27:32+08:00 ] ::1 /thinkphp/home/home/img/line.gif
INFO: [ app_init ] --START--
INFO: Run Behavior\BuildLiteBehavior [ RunTime:0.000083s ]
INFO: [ app_init ] --END-- [ RunTime:0.000163s ]

[ 2016-12-26T21:27:38+08:00 ] ::1 /thinkphp/home/index/home/img/line.gif
INFO: [ app_init ] --START--
INFO: Run Behavior\BuildLiteBehavior [ RunTime:0.000013s ]
INFO: [ app_init ] --END-- [ RunTime:0.000092s ]

[ 2016-12-26T21:27:39+08:00 ] ::1 /thinkphp/home/index/index/home/img/line.gif
INFO: [ app_init ] --START--
INFO: Run Behavior\BuildLiteBehavior [ RunTime:0.000013s ]
INFO: [ app_init ] --END-- [ RunTime:0.000090s ]

[ 2016-12-26T21:27:40+08:00 ] ::1 /thinkphp/thinkphp/Public/home/css/css.css
INFO: [ app_init ] --START--
INFO: Run Behavior\BuildLiteBehavior [ RunTime:0.000013s ]
INFO: [ app_init ] --END-- [ RunTime:0.000085s ]
ERR: 无法加载模块:Thinkphp

[ 2016-12-26T21:27:40+08:00 ] ::1 /thinkphp/thinkphp/Public/home/js/jquery.SuperSlide.2.1.1.js
INFO: [ app_init ] --START--
INFO: Run Behavior\BuildLiteBehavior [ RunTime:0.000015s ]
INFO: [ app_init ] --END-- [ RunTime:0.000102s ]
ERR: 无法加载模块:Thinkphp

[ 2016-12-26T21:27:40+08:00 ] ::1 /thinkphp/thinkphp/Public/home/js/jquery1.42.min.js
INFO: [ app_init ] --START--
INFO: Run Behavior\BuildLiteBehavior [ RunTime:0.000018s ]
INFO: [ app_init ] --END-- [ RunTime:0.000108s ]
ERR: 无法加载模块:Thinkphp

[ 2016-12-26T21:27:40+08:00 ] ::1 /thinkphp/thinkphp/Public/home/img/top_logo.png
INFO: [ app_init ] --START--
INFO: Run Behavior\BuildLiteBehavior [ RunTime:0.000014s ]
INFO: [ app_init ] --END-- [ RunTime:0.000111s ]

[ 2016-12-26T21:27:40+08:00 ] ::1 /thinkphp/thinkphp/Public/home/img/4.jpg
INFO: [ app_init ] --START--
INFO: Run Behavior\BuildLiteBehavior [ RunTime:0.000012s ]
INFO: [ app_init ] --END-- [ RunTime:0.000084s ]

[ 2016-12-26T21:27:40+08:00 ] ::1 /thinkphp/thinkphp/Public/home/img/1.jpg
INFO: [ app_init ] --START--
INFO: Run Behavior\BuildLiteBehavior [ RunTime:0.000013s ]
INFO: [ app_init ] --END-- [ RunTime:0.000088s ]

[ 2016-12-26T21:27:40+08:00 ] ::1 /thinkphp/thinkphp/Public/home/img/5.jpg
INFO: [ app_init ] --START--
INFO: Run Behavior\BuildLiteBehavior [ RunTime:0.000014s ]
INFO: [ app_init ] --END-- [ RunTime:0.000088s ]

[ 2016-12-26T21:27:40+08:00 ] ::1 /thinkphp/home/index/index/index/home/img/line.gif
INFO: [ app_init ] --START--
INFO: Run Behavior\BuildLiteBehavior [ RunTime:0.000013s ]
INFO: [ app_init ] --END-- [ RunTime:0.000094s ]

[ 2016-12-26T21:27:40+08:00 ] ::1 /thinkphp/thinkphp/Public/home/img/3.jpg
INFO: [ app_init ] --START--
INFO: Run Behavior\BuildLiteBehavior [ RunTime:0.000015s ]
INFO: [ app_init ] --END-- [ RunTime:0.000096s ]

[ 2016-12-26T21:27:40+08:00 ] ::1 /thinkphp/thinkphp/Public/home/img/2.jpg
INFO: [ app_init ] --START--
INFO: Run Behavior\BuildLiteBehavior [ RunTime:0.000013s ]
INFO: [ app_init ] --END-- [ RunTime:0.000089s ]

[ 2016-12-26T21:27:49+08:00 ] ::1 /thinkphp/home/index/index/home/img/line.gif
INFO: [ app_init ] --START--
INFO: Run Behavior\BuildLiteBehavior [ RunTime:0.000010s ]
INFO: [ app_init ] --END-- [ RunTime:0.000066s ]

[ 2016-12-26T21:27:49+08:00 ] ::1 /thinkphp/home/index/index/home/img/line.gif
INFO: [ app_init ] --START--
INFO: Run Behavior\BuildLiteBehavior [ RunTime:0.000017s ]
INFO: [ app_init ] --END-- [ RunTime:0.000112s ]

[ 2016-12-26T21:28:03+08:00 ] ::1 /thinkphp/home/home/img/line.gif
INFO: [ app_init ] --START--
INFO: Run Behavior\BuildLiteBehavior [ RunTime:0.000015s ]
INFO: [ app_init ] --END-- [ RunTime:0.000095s ]

[ 2016-12-26T21:28:23+08:00 ] ::1 /thinkphp/home/home/img/line.gif
INFO: [ app_init ] --START--
INFO: Run Behavior\BuildLiteBehavior [ RunTime:0.000015s ]
INFO: [ app_init ] --END-- [ RunTime:0.000099s ]

[ 2016-12-26T21:28:25+08:00 ] ::1 /thinkphp/home/home/img/line.gif
INFO: [ app_init ] --START--
INFO: Run Behavior\BuildLiteBehavior [ RunTime:0.000021s ]
INFO: [ app_init ] --END-- [ RunTime:0.000156s ]

[ 2016-12-26T21:28:52+08:00 ] ::1 /thinkphp/home/home/img/line.gif
INFO: [ app_init ] --START--
INFO: Run Behavior\BuildLiteBehavior [ RunTime:0.000022s ]
INFO: [ app_init ] --END-- [ RunTime:0.000122s ]

[ 2016-12-26T21:29:02+08:00 ] ::1 /thinkphp/home/index/home/img/line.gif
INFO: [ app_init ] --START--
INFO: Run Behavior\BuildLiteBehavior [ RunTime:0.000013s ]
INFO: [ app_init ] --END-- [ RunTime:0.000094s ]

[ 2016-12-26T21:31:28+08:00 ] ::1 /thinkphp/home/home/img/line.gif
INFO: [ app_init ] --START--
INFO: Run Behavior\BuildLiteBehavior [ RunTime:0.000009s ]
INFO: [ app_init ] --END-- [ RunTime:0.000065s ]

[ 2016-12-26T21:32:02+08:00 ] ::1 /thinkphp/home/home/img/line.gif
INFO: [ app_init ] --START--
INFO: Run Behavior\BuildLiteBehavior [ RunTime:0.000012s ]
INFO: [ app_init ] --END-- [ RunTime:0.000080s ]

[ 2016-12-26T21:32:07+08:00 ] ::1 /thinkphp/home/home/img/line.gif
INFO: [ app_init ] --START--
INFO: Run Behavior\BuildLiteBehavior [ RunTime:0.000013s ]
INFO: [ app_init ] --END-- [ RunTime:0.000099s ]

[ 2016-12-26T21:32:16+08:00 ] ::1 /thinkphp/home/index/home/img/line.gif
INFO: [ app_init ] --START--
INFO: Run Behavior\BuildLiteBehavior [ RunTime:0.000014s ]
INFO: [ app_init ] --END-- [ RunTime:0.000100s ]

[ 2016-12-26T21:32:27+08:00 ] ::1 /thinkphp/home/index/home/img/line.gif
INFO: [ app_init ] --START--
INFO: Run Behavior\BuildLiteBehavior [ RunTime:0.000011s ]
INFO: [ app_init ] --END-- [ RunTime:0.000069s ]

[ 2016-12-26T21:49:13+08:00 ] ::1 /thinkphp/home/home/img/line.gif
INFO: [ app_init ] --START--
INFO: Run Behavior\BuildLiteBehavior [ RunTime:0.000011s ]
INFO: [ app_init ] --END-- [ RunTime:0.000080s ]

[ 2016-12-26T21:49:15+08:00 ] ::1 /thinkphp/home/home/img/line.gif
INFO: [ app_init ] --START--
INFO: Run Behavior\BuildLiteBehavior [ RunTime:0.000015s ]
INFO: [ app_init ] --END-- [ RunTime:0.000098s ]

[ 2016-12-26T21:49:16+08:00 ] ::1 /thinkphp/home/home/img/line.gif
INFO: [ app_init ] --START--
INFO: Run Behavior\BuildLiteBehavior [ RunTime:0.000013s ]
INFO: [ app_init ] --END-- [ RunTime:0.000088s ]

[ 2016-12-26T21:49:17+08:00 ] ::1 /thinkphp/home/home/img/line.gif
INFO: [ app_init ] --START--
INFO: Run Behavior\BuildLiteBehavior [ RunTime:0.000012s ]
INFO: [ app_init ] --END-- [ RunTime:0.000096s ]

[ 2016-12-26T21:49:20+08:00 ] ::1 /thinkphp/home/home/img/line.gif
INFO: [ app_init ] --START--
INFO: Run Behavior\BuildLiteBehavior [ RunTime:0.000015s ]
INFO: [ app_init ] --END-- [ RunTime:0.000099s ]

[ 2016-12-26T21:49:23+08:00 ] ::1 /thinkphp/home/index/home/img/line.gif
INFO: [ app_init ] --START--
INFO: Run Behavior\BuildLiteBehavior [ RunTime:0.000010s ]
INFO: [ app_init ] --END-- [ RunTime:0.000066s ]

[ 2016-12-26T21:53:30+08:00 ] ::1 /thinkphp/home/index/home/img/line.gif
INFO: [ app_init ] --START--
INFO: Run Behavior\BuildLiteBehavior [ RunTime:0.000014s ]
INFO: [ app_init ] --END-- [ RunTime:0.000094s ]

[ 2016-12-26T21:53:30+08:00 ] ::1 /thinkphp/home/index/images/ad_ctr.png
INFO: [ app_init ] --START--
INFO: Run Behavior\BuildLiteBehavior [ RunTime:0.000012s ]
INFO: [ app_init ] --END-- [ RunTime:0.000088s ]

[ 2016-12-26T21:53:30+08:00 ] ::1 /thinkphp/home/index/images/dot.png
INFO: [ app_init ] --START--
INFO: Run Behavior\BuildLiteBehavior [ RunTime:0.000011s ]
INFO: [ app_init ] --END-- [ RunTime:0.000082s ]

[ 2016-12-26T21:55:46+08:00 ] ::1 /thinkphp/home/index/img/line.gif
INFO: [ app_init ] --START--
INFO: Run Behavior\BuildLiteBehavior [ RunTime:0.000014s ]
INFO: [ app_init ] --END-- [ RunTime:0.000092s ]

[ 2016-12-26T21:55:46+08:00 ] ::1 /thinkphp/home/index/images/ad_ctr.png
INFO: [ app_init ] --START--
INFO: Run Behavior\BuildLiteBehavior [ RunTime:0.000009s ]
INFO: [ app_init ] --END-- [ RunTime:0.000065s ]

[ 2016-12-26T21:55:46+08:00 ] ::1 /thinkphp/home/index/images/dot.png
INFO: [ app_init ] --START--
INFO: Run Behavior\BuildLiteBehavior [ RunTime:0.000010s ]
INFO: [ app_init ] --END-- [ RunTime:0.000078s ]

[ 2016-12-26T21:55:47+08:00 ] ::1 /thinkphp/home/index/img/line.gif
INFO: [ app_init ] --START--
INFO: Run Behavior\BuildLiteBehavior [ RunTime:0.000010s ]
INFO: [ app_init ] --END-- [ RunTime:0.000066s ]

[ 2016-12-26T21:55:47+08:00 ] ::1 /thinkphp/home/index/images/ad_ctr.png
INFO: [ app_init ] --START--
INFO: Run Behavior\BuildLiteBehavior [ RunTime:0.000009s ]
INFO: [ app_init ] --END-- [ RunTime:0.000062s ]

[ 2016-12-26T21:55:47+08:00 ] ::1 /thinkphp/home/index/images/dot.png
INFO: [ app_init ] --START--
INFO: Run Behavior\BuildLiteBehavior [ RunTime:0.000009s ]
INFO: [ app_init ] --END-- [ RunTime:0.000062s ]

[ 2016-12-26T21:55:48+08:00 ] ::1 /thinkphp/home/index/img/line.gif
INFO: [ app_init ] --START--
INFO: Run Behavior\BuildLiteBehavior [ RunTime:0.000015s ]
INFO: [ app_init ] --END-- [ RunTime:0.000101s ]

[ 2016-12-26T21:55:48+08:00 ] ::1 /thinkphp/home/index/images/dot.png
INFO: [ app_init ] --START--
INFO: Run Behavior\BuildLiteBehavior [ RunTime:0.000010s ]
INFO: [ app_init ] --END-- [ RunTime:0.000064s ]

[ 2016-12-26T21:55:48+08:00 ] ::1 /thinkphp/home/index/images/ad_ctr.png
INFO: [ app_init ] --START--
INFO: Run Behavior\BuildLiteBehavior [ RunTime:0.000013s ]
INFO: [ app_init ] --END-- [ RunTime:0.000078s ]

[ 2016-12-26T22:03:30+08:00 ] ::1 /thinkphp/home/index/img/line.gif
INFO: [ app_init ] --START--
INFO: Run Behavior\BuildLiteBehavior [ RunTime:0.000013s ]
INFO: [ app_init ] --END-- [ RunTime:0.000091s ]

[ 2016-12-26T22:03:30+08:00 ] ::1 /thinkphp/home/index/images/dot.png
INFO: [ app_init ] --START--
INFO: Run Behavior\BuildLiteBehavior [ RunTime:0.000013s ]
INFO: [ app_init ] --END-- [ RunTime:0.000092s ]

[ 2016-12-26T22:03:30+08:00 ] ::1 /thinkphp/home/index/images/ad_ctr.png
INFO: [ app_init ] --START--
INFO: Run Behavior\BuildLiteBehavior [ RunTime:0.000013s ]
INFO: [ app_init ] --END-- [ RunTime:0.000092s ]

[ 2016-12-26T22:03:45+08:00 ] ::1 /thinkphp/home/img/line.gif
INFO: [ app_init ] --START--
INFO: Run Behavior\BuildLiteBehavior [ RunTime:0.000019s ]
INFO: [ app_init ] --END-- [ RunTime:0.000141s ]

[ 2016-12-26T22:03:45+08:00 ] ::1 /thinkphp/home/images/ad_ctr.png
INFO: [ app_init ] --START--
INFO: Run Behavior\BuildLiteBehavior [ RunTime:0.000012s ]
INFO: [ app_init ] --END-- [ RunTime:0.000081s ]

[ 2016-12-26T22:03:45+08:00 ] ::1 /thinkphp/home/images/dot.png
INFO: [ app_init ] --START--
INFO: Run Behavior\BuildLiteBehavior [ RunTime:0.000021s ]
INFO: [ app_init ] --END-- [ RunTime:0.000145s ]

[ 2016-12-26T22:03:52+08:00 ] ::1 /thinkphp/home/img/line.gif
INFO: [ app_init ] --START--
INFO: Run Behavior\BuildLiteBehavior [ RunTime:0.000013s ]
INFO: [ app_init ] --END-- [ RunTime:0.000087s ]

[ 2016-12-26T22:03:52+08:00 ] ::1 /thinkphp/home/images/ad_ctr.png
INFO: [ app_init ] --START--
INFO: Run Behavior\BuildLiteBehavior [ RunTime:0.000009s ]
INFO: [ app_init ] --END-- [ RunTime:0.000065s ]

[ 2016-12-26T22:03:52+08:00 ] ::1 /thinkphp/home/images/dot.png
INFO: [ app_init ] --START--
INFO: Run Behavior\BuildLiteBehavior [ RunTime:0.000012s ]
INFO: [ app_init ] --END-- [ RunTime:0.000084s ]

[ 2016-12-26T22:03:53+08:00 ] ::1 /thinkphp/home/img/line.gif
INFO: [ app_init ] --START--
INFO: Run Behavior\BuildLiteBehavior [ RunTime:0.000009s ]
INFO: [ app_init ] --END-- [ RunTime:0.000063s ]

[ 2016-12-26T22:03:53+08:00 ] ::1 /thinkphp/home/images/ad_ctr.png
INFO: [ app_init ] --START--
INFO: Run Behavior\BuildLiteBehavior [ RunTime:0.000014s ]
INFO: [ app_init ] --END-- [ RunTime:0.000091s ]

[ 2016-12-26T22:03:53+08:00 ] ::1 /thinkphp/home/images/dot.png
INFO: [ app_init ] --START--
INFO: Run Behavior\BuildLiteBehavior [ RunTime:0.000011s ]
INFO: [ app_init ] --END-- [ RunTime:0.000079s ]

[ 2016-12-26T22:03:53+08:00 ] ::1 /thinkphp/home/img/line.gif
INFO: [ app_init ] --START--
INFO: Run Behavior\BuildLiteBehavior [ RunTime:0.000014s ]
INFO: [ app_init ] --END-- [ RunTime:0.000090s ]

[ 2016-12-26T22:03:54+08:00 ] ::1 /thinkphp/home/images/ad_ctr.png
INFO: [ app_init ] --START--
INFO: Run Behavior\BuildLiteBehavior [ RunTime:0.000010s ]
INFO: [ app_init ] --END-- [ RunTime:0.000067s ]

[ 2016-12-26T22:03:54+08:00 ] ::1 /thinkphp/home/images/dot.png
INFO: [ app_init ] --START--
INFO: Run Behavior\BuildLiteBehavior [ RunTime:0.000009s ]
INFO: [ app_init ] --END-- [ RunTime:0.000063s ]

[ 2016-12-26T22:05:34+08:00 ] ::1 /thinkphp/home/img/line.gif
INFO: [ app_init ] --START--
INFO: Run Behavior\BuildLiteBehavior [ RunTime:0.000014s ]
INFO: [ app_init ] --END-- [ RunTime:0.000090s ]

[ 2016-12-26T22:05:34+08:00 ] ::1 /thinkphp/home/images/dot.png
INFO: [ app_init ] --START--
INFO: Run Behavior\BuildLiteBehavior [ RunTime:0.000013s ]
INFO: [ app_init ] --END-- [ RunTime:0.000093s ]

[ 2016-12-26T22:05:34+08:00 ] ::1 /thinkphp/home/images/ad_ctr.png
INFO: [ app_init ] --START--
INFO: Run Behavior\BuildLiteBehavior [ RunTime:0.000019s ]
INFO: [ app_init ] --END-- [ RunTime:0.000214s ]

[ 2016-12-26T22:06:04+08:00 ] ::1 /thinkphp/home/img/line.gif
INFO: [ app_init ] --START--
INFO: Run Behavior\BuildLiteBehavior [ RunTime:0.000011s ]
INFO: [ app_init ] --END-- [ RunTime:0.000073s ]

[ 2016-12-26T22:06:04+08:00 ] ::1 /thinkphp/home/images/dot.png
INFO: [ app_init ] --START--
INFO: Run Behavior\BuildLiteBehavior [ RunTime:0.000019s ]
INFO: [ app_init ] --END-- [ RunTime:0.000119s ]

[ 2016-12-26T22:06:05+08:00 ] ::1 /thinkphp/home/images/ad_ctr.png
INFO: [ app_init ] --START--
INFO: Run Behavior\BuildLiteBehavior [ RunTime:0.000012s ]
INFO: [ app_init ] --END-- [ RunTime:0.000096s ]

[ 2016-12-26T22:07:01+08:00 ] ::1 /thinkphp/home/img/line.gif
INFO: [ app_init ] --START--
INFO: Run Behavior\BuildLiteBehavior [ RunTime:0.000026s ]
INFO: [ app_init ] --END-- [ RunTime:0.000106s ]

[ 2016-12-26T22:07:01+08:00 ] ::1 /thinkphp/home/images/dot.png
INFO: [ app_init ] --START--
INFO: Run Behavior\BuildLiteBehavior [ RunTime:0.000014s ]
INFO: [ app_init ] --END-- [ RunTime:0.000097s ]

[ 2016-12-26T22:07:01+08:00 ] ::1 /thinkphp/home/images/ad_ctr.png
INFO: [ app_init ] --START--
INFO: Run Behavior\BuildLiteBehavior [ RunTime:0.000011s ]
INFO: [ app_init ] --END-- [ RunTime:0.000080s ]

[ 2016-12-26T22:07:12+08:00 ] ::1 /thinkphp/home/img/line.gif
INFO: [ app_init ] --START--
INFO: Run Behavior\BuildLiteBehavior [ RunTime:0.000013s ]
INFO: [ app_init ] --END-- [ RunTime:0.000082s ]

[ 2016-12-26T22:07:12+08:00 ] ::1 /thinkphp/home/images/dot.png
INFO: [ app_init ] --START--
INFO: Run Behavior\BuildLiteBehavior [ RunTime:0.000010s ]
INFO: [ app_init ] --END-- [ RunTime:0.000067s ]

[ 2016-12-26T22:07:12+08:00 ] ::1 /thinkphp/home/images/ad_ctr.png
INFO: [ app_init ] --START--
INFO: Run Behavior\BuildLiteBehavior [ RunTime:0.000010s ]
INFO: [ app_init ] --END-- [ RunTime:0.000075s ]

[ 2016-12-26T22:08:34+08:00 ] ::1 /thinkphp/home/img/line.gif
INFO: [ app_init ] --START--
INFO: Run Behavior\BuildLiteBehavior [ RunTime:0.000013s ]
INFO: [ app_init ] --END-- [ RunTime:0.000088s ]

[ 2016-12-26T22:08:34+08:00 ] ::1 /thinkphp/home/images/ad_ctr.png
INFO: [ app_init ] --START--
INFO: Run Behavior\BuildLiteBehavior [ RunTime:0.000014s ]
INFO: [ app_init ] --END-- [ RunTime:0.000097s ]

[ 2016-12-26T22:08:34+08:00 ] ::1 /thinkphp/home/images/dot.png
INFO: [ app_init ] --START--
INFO: Run Behavior\BuildLiteBehavior [ RunTime:0.000017s ]
INFO: [ app_init ] --END-- [ RunTime:0.000107s ]

[ 2016-12-26T22:09:37+08:00 ] ::1 /thinkphp/home/img/line.gif
INFO: [ app_init ] --START--
INFO: Run Behavior\BuildLiteBehavior [ RunTime:0.000010s ]
INFO: [ app_init ] --END-- [ RunTime:0.000067s ]

[ 2016-12-26T22:09:37+08:00 ] ::1 /thinkphp/home/images/ad_ctr.png
INFO: [ app_init ] --START--
INFO: Run Behavior\BuildLiteBehavior [ RunTime:0.000009s ]
INFO: [ app_init ] --END-- [ RunTime:0.000063s ]

[ 2016-12-26T22:09:37+08:00 ] ::1 /thinkphp/home/images/dot.png
INFO: [ app_init ] --START--
INFO: Run Behavior\BuildLiteBehavior [ RunTime:0.000013s ]
INFO: [ app_init ] --END-- [ RunTime:0.000072s ]

[ 2016-12-26T22:09:50+08:00 ] ::1 /thinkphp/home/img/line.gif
INFO: [ app_init ] --START--
INFO: Run Behavior\BuildLiteBehavior [ RunTime:0.000013s ]
INFO: [ app_init ] --END-- [ RunTime:0.000097s ]

[ 2016-12-26T22:09:50+08:00 ] ::1 /thinkphp/home/images/ad_ctr.png
INFO: [ app_init ] --START--
INFO: Run Behavior\BuildLiteBehavior [ RunTime:0.000013s ]
INFO: [ app_init ] --END-- [ RunTime:0.000094s ]

[ 2016-12-26T22:09:50+08:00 ] ::1 /thinkphp/home/images/dot.png
INFO: [ app_init ] --START--
INFO: Run Behavior\BuildLiteBehavior [ RunTime:0.000013s ]
INFO: [ app_init ] --END-- [ RunTime:0.000094s ]

[ 2016-12-26T22:10:44+08:00 ] ::1 /thinkphp/home/img/line.gif
INFO: [ app_init ] --START--
INFO: Run Behavior\BuildLiteBehavior [ RunTime:0.000013s ]
INFO: [ app_init ] --END-- [ RunTime:0.000095s ]

[ 2016-12-26T22:10:44+08:00 ] ::1 /thinkphp/home/images/ad_ctr.png
INFO: [ app_init ] --START--
INFO: Run Behavior\BuildLiteBehavior [ RunTime:0.000010s ]
INFO: [ app_init ] --END-- [ RunTime:0.000066s ]

[ 2016-12-26T22:10:44+08:00 ] ::1 /thinkphp/home/images/dot.png
INFO: [ app_init ] --START--
INFO: Run Behavior\BuildLiteBehavior [ RunTime:0.000014s ]
INFO: [ app_init ] --END-- [ RunTime:0.000086s ]

[ 2016-12-26T22:11:00+08:00 ] ::1 /thinkphp/home/img/line.gif
INFO: [ app_init ] --START--
INFO: Run Behavior\BuildLiteBehavior [ RunTime:0.000014s ]
INFO: [ app_init ] --END-- [ RunTime:0.000122s ]

[ 2016-12-26T22:11:00+08:00 ] ::1 /thinkphp/home/images/dot.png
INFO: [ app_init ] --START--
INFO: Run Behavior\BuildLiteBehavior [ RunTime:0.000014s ]
INFO: [ app_init ] --END-- [ RunTime:0.000096s ]

[ 2016-12-26T22:11:00+08:00 ] ::1 /thinkphp/home/images/ad_ctr.png
INFO: [ app_init ] --START--
INFO: Run Behavior\BuildLiteBehavior [ RunTime:0.000011s ]
INFO: [ app_init ] --END-- [ RunTime:0.000069s ]

[ 2016-12-26T22:13:55+08:00 ] ::1 /thinkphp/home/img/line.gif
INFO: [ app_init ] --START--
INFO: Run Behavior\BuildLiteBehavior [ RunTime:0.000013s ]
INFO: [ app_init ] --END-- [ RunTime:0.000089s ]

[ 2016-12-26T22:13:55+08:00 ] ::1 /thinkphp/home/images/dot.png
INFO: [ app_init ] --START--
INFO: Run Behavior\BuildLiteBehavior [ RunTime:0.000013s ]
INFO: [ app_init ] --END-- [ RunTime:0.000088s ]

[ 2016-12-26T22:13:55+08:00 ] ::1 /thinkphp/home/images/ad_ctr.png
INFO: [ app_init ] --START--
INFO: Run Behavior\BuildLiteBehavior [ RunTime:0.000022s ]
INFO: [ app_init ] --END-- [ RunTime:0.000199s ]

[ 2016-12-26T22:16:51+08:00 ] ::1 /thinkphp/home/img/line.gif
INFO: [ app_init ] --START--
INFO: Run Behavior\BuildLiteBehavior [ RunTime:0.000014s ]
INFO: [ app_init ] --END-- [ RunTime:0.000092s ]

[ 2016-12-26T22:16:51+08:00 ] ::1 /thinkphp/home/images/ad_ctr.png
INFO: [ app_init ] --START--
INFO: Run Behavior\BuildLiteBehavior [ RunTime:0.000012s ]
INFO: [ app_init ] --END-- [ RunTime:0.000089s ]

[ 2016-12-26T22:16:51+08:00 ] ::1 /thinkphp/home/images/dot.png
INFO: [ app_init ] --START--
INFO: Run Behavior\BuildLiteBehavior [ RunTime:0.000010s ]
INFO: [ app_init ] --END-- [ RunTime:0.000069s ]

[ 2016-12-26T22:17:26+08:00 ] ::1 /thinkphp/home/img/line.gif
INFO: [ app_init ] --START--
INFO: Run Behavior\BuildLiteBehavior [ RunTime:0.000013s ]
INFO: [ app_init ] --END-- [ RunTime:0.000088s ]

[ 2016-12-26T22:17:26+08:00 ] ::1 /thinkphp/home/images/dot.png
INFO: [ app_init ] --START--
INFO: Run Behavior\BuildLiteBehavior [ RunTime:0.000008s ]
INFO: [ app_init ] --END-- [ RunTime:0.000063s ]

[ 2016-12-26T22:17:26+08:00 ] ::1 /thinkphp/home/images/ad_ctr.png
INFO: [ app_init ] --START--
INFO: Run Behavior\BuildLiteBehavior [ RunTime:0.000012s ]
INFO: [ app_init ] --END-- [ RunTime:0.000084s ]

[ 2016-12-26T22:18:52+08:00 ] ::1 /thinkphp/home/img/line.gif
INFO: [ app_init ] --START--
INFO: Run Behavior\BuildLiteBehavior [ RunTime:0.000015s ]
INFO: [ app_init ] --END-- [ RunTime:0.000100s ]

[ 2016-12-26T22:18:52+08:00 ] ::1 /thinkphp/home/images/dot.png
INFO: [ app_init ] --START--
INFO: Run Behavior\BuildLiteBehavior [ RunTime:0.000018s ]
INFO: [ app_init ] --END-- [ RunTime:0.000118s ]

[ 2016-12-26T22:18:52+08:00 ] ::1 /thinkphp/home/images/ad_ctr.png
INFO: [ app_init ] --START--
INFO: Run Behavior\BuildLiteBehavior [ RunTime:0.000016s ]
INFO: [ app_init ] --END-- [ RunTime:0.000105s ]

[ 2016-12-26T22:21:46+08:00 ] ::1 /thinkphp/home/img/line.gif
INFO: [ app_init ] --START--
INFO: Run Behavior\BuildLiteBehavior [ RunTime:0.000013s ]
INFO: [ app_init ] --END-- [ RunTime:0.000087s ]

[ 2016-12-26T22:21:46+08:00 ] ::1 /thinkphp/home/images/dot.png
INFO: [ app_init ] --START--
INFO: Run Behavior\BuildLiteBehavior [ RunTime:0.000010s ]
INFO: [ app_init ] --END-- [ RunTime:0.000073s ]

[ 2016-12-26T22:21:46+08:00 ] ::1 /thinkphp/home/images/ad_ctr.png
INFO: [ app_init ] --START--
INFO: Run Behavior\BuildLiteBehavior [ RunTime:0.000012s ]
INFO: [ app_init ] --END-- [ RunTime:0.000083s ]

[ 2016-12-26T22:22:57+08:00 ] ::1 /thinkphp/home/img/line.gif
INFO: [ app_init ] --START--
INFO: Run Behavior\BuildLiteBehavior [ RunTime:0.000009s ]
INFO: [ app_init ] --END-- [ RunTime:0.000065s ]

[ 2016-12-26T22:22:57+08:00 ] ::1 /thinkphp/home/images/ad_ctr.png
INFO: [ app_init ] --START--
INFO: Run Behavior\BuildLiteBehavior [ RunTime:0.000014s ]
INFO: [ app_init ] --END-- [ RunTime:0.000090s ]

[ 2016-12-26T22:22:57+08:00 ] ::1 /thinkphp/home/images/dot.png
INFO: [ app_init ] --START--
INFO: Run Behavior\BuildLiteBehavior [ RunTime:0.000010s ]
INFO: [ app_init ] --END-- [ RunTime:0.000067s ]

[ 2016-12-26T22:23:33+08:00 ] ::1 /thinkphp/home/img/line.gif
INFO: [ app_init ] --START--
INFO: Run Behavior\BuildLiteBehavior [ RunTime:0.000010s ]
INFO: [ app_init ] --END-- [ RunTime:0.000067s ]

[ 2016-12-26T22:23:33+08:00 ] ::1 /thinkphp/home/images/ad_ctr.png
INFO: [ app_init ] --START--
INFO: Run Behavior\BuildLiteBehavior [ RunTime:0.000015s ]
INFO: [ app_init ] --END-- [ RunTime:0.000099s ]

[ 2016-12-26T22:23:33+08:00 ] ::1 /thinkphp/home/images/dot.png
INFO: [ app_init ] --START--
INFO: Run Behavior\BuildLiteBehavior [ RunTime:0.000014s ]
INFO: [ app_init ] --END-- [ RunTime:0.000095s ]

[ 2016-12-26T22:23:35+08:00 ] ::1 /thinkphp/home/img/line.gif
INFO: [ app_init ] --START--
INFO: Run Behavior\BuildLiteBehavior [ RunTime:0.000014s ]
INFO: [ app_init ] --END-- [ RunTime:0.000097s ]

[ 2016-12-26T22:23:35+08:00 ] ::1 /thinkphp/home/images/dot.png
INFO: [ app_init ] --START--
INFO: Run Behavior\BuildLiteBehavior [ RunTime:0.000010s ]
INFO: [ app_init ] --END-- [ RunTime:0.000066s ]

[ 2016-12-26T22:23:35+08:00 ] ::1 /thinkphp/home/images/ad_ctr.png
INFO: [ app_init ] --START--
INFO: Run Behavior\BuildLiteBehavior [ RunTime:0.000012s ]
INFO: [ app_init ] --END-- [ RunTime:0.000091s ]

[ 2016-12-26T22:23:36+08:00 ] ::1 /thinkphp/home/img/line.gif
INFO: [ app_init ] --START--
INFO: Run Behavior\BuildLiteBehavior [ RunTime:0.000013s ]
INFO: [ app_init ] --END-- [ RunTime:0.000092s ]

[ 2016-12-26T22:23:36+08:00 ] ::1 /thinkphp/home/images/ad_ctr.png
INFO: [ app_init ] --START--
INFO: Run Behavior\BuildLiteBehavior [ RunTime:0.000015s ]
INFO: [ app_init ] --END-- [ RunTime:0.000098s ]

[ 2016-12-26T22:23:36+08:00 ] ::1 /thinkphp/home/images/dot.png
INFO: [ app_init ] --START--
INFO: Run Behavior\BuildLiteBehavior [ RunTime:0.000011s ]
INFO: [ app_init ] --END-- [ RunTime:0.000079s ]

[ 2016-12-26T22:23:36+08:00 ] ::1 /thinkphp/home/img/line.gif
INFO: [ app_init ] --START--
INFO: Run Behavior\BuildLiteBehavior [ RunTime:0.000014s ]
INFO: [ app_init ] --END-- [ RunTime:0.000096s ]

[ 2016-12-26T22:23:36+08:00 ] ::1 /thinkphp/home/images/dot.png
INFO: [ app_init ] --START--
INFO: Run Behavior\BuildLiteBehavior [ RunTime:0.000010s ]
INFO: [ app_init ] --END-- [ RunTime:0.000069s ]

[ 2016-12-26T22:23:36+08:00 ] ::1 /thinkphp/home/images/ad_ctr.png
INFO: [ app_init ] --START--
INFO: Run Behavior\BuildLiteBehavior [ RunTime:0.000008s ]
INFO: [ app_init ] --END-- [ RunTime:0.000055s ]

[ 2016-12-26T22:23:37+08:00 ] ::1 /thinkphp/home/img/line.gif
INFO: [ app_init ] --START--
INFO: Run Behavior\BuildLiteBehavior [ RunTime:0.000014s ]
INFO: [ app_init ] --END-- [ RunTime:0.000095s ]

[ 2016-12-26T22:23:37+08:00 ] ::1 /thinkphp/home/images/ad_ctr.png
INFO: [ app_init ] --START--
INFO: Run Behavior\BuildLiteBehavior [ RunTime:0.000010s ]
INFO: [ app_init ] --END-- [ RunTime:0.000064s ]

[ 2016-12-26T22:23:37+08:00 ] ::1 /thinkphp/home/images/dot.png
INFO: [ app_init ] --START--
INFO: Run Behavior\BuildLiteBehavior [ RunTime:0.000012s ]
INFO: [ app_init ] --END-- [ RunTime:0.000088s ]

[ 2016-12-26T22:23:59+08:00 ] ::1 /thinkphp/home/img/line.gif
INFO: [ app_init ] --START--
INFO: Run Behavior\BuildLiteBehavior [ RunTime:0.000013s ]
INFO: [ app_init ] --END-- [ RunTime:0.000090s ]

[ 2016-12-26T22:23:59+08:00 ] ::1 /thinkphp/home/images/dot.png
INFO: [ app_init ] --START--
INFO: Run Behavior\BuildLiteBehavior [ RunTime:0.000015s ]
INFO: [ app_init ] --END-- [ RunTime:0.000101s ]

[ 2016-12-26T22:23:59+08:00 ] ::1 /thinkphp/home/images/ad_ctr.png
INFO: [ app_init ] --START--
INFO: Run Behavior\BuildLiteBehavior [ RunTime:0.000013s ]
INFO: [ app_init ] --END-- [ RunTime:0.000179s ]

[ 2016-12-26T22:24:11+08:00 ] ::1 /thinkphp/home/img/line.gif
INFO: [ app_init ] --START--
INFO: Run Behavior\BuildLiteBehavior [ RunTime:0.000010s ]
INFO: [ app_init ] --END-- [ RunTime:0.000065s ]

[ 2016-12-26T22:24:11+08:00 ] ::1 /thinkphp/home/images/ad_ctr.png
INFO: [ app_init ] --START--
INFO: Run Behavior\BuildLiteBehavior [ RunTime:0.000014s ]
INFO: [ app_init ] --END-- [ RunTime:0.000094s ]

[ 2016-12-26T22:24:11+08:00 ] ::1 /thinkphp/home/images/dot.png
INFO: [ app_init ] --START--
INFO: Run Behavior\BuildLiteBehavior [ RunTime:0.000011s ]
INFO: [ app_init ] --END-- [ RunTime:0.000069s ]

[ 2016-12-26T22:25:22+08:00 ] ::1 /thinkphp/home/img/line.gif
INFO: [ app_init ] --START--
INFO: Run Behavior\BuildLiteBehavior [ RunTime:0.000013s ]
INFO: [ app_init ] --END-- [ RunTime:0.000086s ]

[ 2016-12-26T22:25:22+08:00 ] ::1 /thinkphp/home/images/ad_ctr.png
INFO: [ app_init ] --START--
INFO: Run Behavior\BuildLiteBehavior [ RunTime:0.000013s ]
INFO: [ app_init ] --END-- [ RunTime:0.000093s ]

[ 2016-12-26T22:25:22+08:00 ] ::1 /thinkphp/home/images/dot.png
INFO: [ app_init ] --START--
INFO: Run Behavior\BuildLiteBehavior [ RunTime:0.000015s ]
INFO: [ app_init ] --END-- [ RunTime:0.000095s ]

[ 2016-12-26T22:25:23+08:00 ] ::1 /thinkphp/home/img/line.gif
INFO: [ app_init ] --START--
INFO: Run Behavior\BuildLiteBehavior [ RunTime:0.000015s ]
INFO: [ app_init ] --END-- [ RunTime:0.000104s ]

[ 2016-12-26T22:25:23+08:00 ] ::1 /thinkphp/home/images/ad_ctr.png
INFO: [ app_init ] --START--
INFO: Run Behavior\BuildLiteBehavior [ RunTime:0.000014s ]
INFO: [ app_init ] --END-- [ RunTime:0.000099s ]

[ 2016-12-26T22:25:23+08:00 ] ::1 /thinkphp/home/images/dot.png
INFO: [ app_init ] --START--
INFO: Run Behavior\BuildLiteBehavior [ RunTime:0.000015s ]
INFO: [ app_init ] --END-- [ RunTime:0.000100s ]

[ 2016-12-26T22:25:40+08:00 ] ::1 /thinkphp/home/img/line.gif
INFO: [ app_init ] --START--
INFO: Run Behavior\BuildLiteBehavior [ RunTime:0.000009s ]
INFO: [ app_init ] --END-- [ RunTime:0.000061s ]

[ 2016-12-26T22:25:40+08:00 ] ::1 /thinkphp/home/images/ad_ctr.png
INFO: [ app_init ] --START--
INFO: Run Behavior\BuildLiteBehavior [ RunTime:0.000014s ]
INFO: [ app_init ] --END-- [ RunTime:0.000097s ]

[ 2016-12-26T22:25:40+08:00 ] ::1 /thinkphp/home/images/dot.png
INFO: [ app_init ] --START--
INFO: Run Behavior\BuildLiteBehavior [ RunTime:0.000015s ]
INFO: [ app_init ] --END-- [ RunTime:0.000100s ]

[ 2016-12-26T22:26:01+08:00 ] ::1 /thinkphp/home/img/line.gif
INFO: [ app_init ] --START--
INFO: Run Behavior\BuildLiteBehavior [ RunTime:0.000013s ]
INFO: [ app_init ] --END-- [ RunTime:0.000088s ]

[ 2016-12-26T22:26:01+08:00 ] ::1 /thinkphp/home/images/ad_ctr.png
INFO: [ app_init ] --START--
INFO: Run Behavior\BuildLiteBehavior [ RunTime:0.000008s ]
INFO: [ app_init ] --END-- [ RunTime:0.000061s ]

[ 2016-12-26T22:26:01+08:00 ] ::1 /thinkphp/home/images/dot.png
INFO: [ app_init ] --START--
INFO: Run Behavior\BuildLiteBehavior [ RunTime:0.000008s ]
INFO: [ app_init ] --END-- [ RunTime:0.000061s ]

[ 2016-12-26T22:26:01+08:00 ] ::1 /thinkphp/home/img/line.gif
INFO: [ app_init ] --START--
INFO: Run Behavior\BuildLiteBehavior [ RunTime:0.000010s ]
INFO: [ app_init ] --END-- [ RunTime:0.000066s ]

[ 2016-12-26T22:26:01+08:00 ] ::1 /thinkphp/home/images/ad_ctr.png
INFO: [ app_init ] --START--
INFO: Run Behavior\BuildLiteBehavior [ RunTime:0.000013s ]
INFO: [ app_init ] --END-- [ RunTime:0.000090s ]

[ 2016-12-26T22:26:01+08:00 ] ::1 /thinkphp/home/images/dot.png
INFO: [ app_init ] --START--
INFO: Run Behavior\BuildLiteBehavior [ RunTime:0.000013s ]
INFO: [ app_init ] --END-- [ RunTime:0.000090s ]

[ 2016-12-26T22:26:20+08:00 ] ::1 /thinkphp/home/img/line.gif
INFO: [ app_init ] --START--
INFO: Run Behavior\BuildLiteBehavior [ RunTime:0.000009s ]
INFO: [ app_init ] --END-- [ RunTime:0.000065s ]

[ 2016-12-26T22:26:20+08:00 ] ::1 /thinkphp/home/images/ad_ctr.png
INFO: [ app_init ] --START--
INFO: Run Behavior\BuildLiteBehavior [ RunTime:0.000010s ]
INFO: [ app_init ] --END-- [ RunTime:0.000064s ]

[ 2016-12-26T22:26:20+08:00 ] ::1 /thinkphp/home/images/dot.png
INFO: [ app_init ] --START--
INFO: Run Behavior\BuildLiteBehavior [ RunTime:0.000013s ]
INFO: [ app_init ] --END-- [ RunTime:0.000084s ]

[ 2016-12-26T22:26:20+08:00 ] ::1 /thinkphp/home/img/line.gif
INFO: [ app_init ] --START--
INFO: Run Behavior\BuildLiteBehavior [ RunTime:0.000010s ]
INFO: [ app_init ] --END-- [ RunTime:0.000064s ]

[ 2016-12-26T22:26:20+08:00 ] ::1 /thinkphp/home/images/ad_ctr.png
INFO: [ app_init ] --START--
INFO: Run Behavior\BuildLiteBehavior [ RunTime:0.000018s ]
INFO: [ app_init ] --END-- [ RunTime:0.000112s ]

[ 2016-12-26T22:26:20+08:00 ] ::1 /thinkphp/home/images/dot.png
INFO: [ app_init ] --START--
INFO: Run Behavior\BuildLiteBehavior [ RunTime:0.000013s ]
INFO: [ app_init ] --END-- [ RunTime:0.000173s ]

[ 2016-12-26T22:28:09+08:00 ] ::1 /thinkphp/home/img/line.gif
INFO: [ app_init ] --START--
INFO: Run Behavior\BuildLiteBehavior [ RunTime:0.000009s ]
INFO: [ app_init ] --END-- [ RunTime:0.000064s ]

[ 2016-12-26T22:28:09+08:00 ] ::1 /thinkphp/home/images/dot.png
INFO: [ app_init ] --START--
INFO: Run Behavior\BuildLiteBehavior [ RunTime:0.000009s ]
INFO: [ app_init ] --END-- [ RunTime:0.000064s ]

[ 2016-12-26T22:28:09+08:00 ] ::1 /thinkphp/home/images/ad_ctr.png
INFO: [ app_init ] --START--
INFO: Run Behavior\BuildLiteBehavior [ RunTime:0.000011s ]
INFO: [ app_init ] --END-- [ RunTime:0.000077s ]

[ 2016-12-26T22:28:50+08:00 ] ::1 /thinkphp/home/img/line.gif
INFO: [ app_init ] --START--
INFO: Run Behavior\BuildLiteBehavior [ RunTime:0.000012s ]
INFO: [ app_init ] --END-- [ RunTime:0.000090s ]

[ 2016-12-26T22:28:50+08:00 ] ::1 /thinkphp/home/images/ad_ctr.png
INFO: [ app_init ] --START--
INFO: Run Behavior\BuildLiteBehavior [ RunTime:0.000013s ]
INFO: [ app_init ] --END-- [ RunTime:0.000094s ]

[ 2016-12-26T22:28:50+08:00 ] ::1 /thinkphp/home/images/dot.png
INFO: [ app_init ] --START--
INFO: Run Behavior\BuildLiteBehavior [ RunTime:0.000010s ]
INFO: [ app_init ] --END-- [ RunTime:0.000081s ]

[ 2016-12-26T22:28:52+08:00 ] ::1 /thinkphp/home/img/line.gif
INFO: [ app_init ] --START--
INFO: Run Behavior\BuildLiteBehavior [ RunTime:0.000010s ]
INFO: [ app_init ] --END-- [ RunTime:0.000067s ]

[ 2016-12-26T22:28:52+08:00 ] ::1 /thinkphp/home/images/ad_ctr.png
INFO: [ app_init ] --START--
INFO: Run Behavior\BuildLiteBehavior [ RunTime:0.000008s ]
INFO: [ app_init ] --END-- [ RunTime:0.000066s ]

[ 2016-12-26T22:28:52+08:00 ] ::1 /thinkphp/home/images/dot.png
INFO: [ app_init ] --START--
INFO: Run Behavior\BuildLiteBehavior [ RunTime:0.000046s ]
INFO: [ app_init ] --END-- [ RunTime:0.000307s ]

[ 2016-12-26T22:29:17+08:00 ] ::1 /thinkphp/home/img/line.gif
INFO: [ app_init ] --START--
INFO: Run Behavior\BuildLiteBehavior [ RunTime:0.000014s ]
INFO: [ app_init ] --END-- [ RunTime:0.000094s ]

[ 2016-12-26T22:29:17+08:00 ] ::1 /thinkphp/home/images/dot.png
INFO: [ app_init ] --START--
INFO: Run Behavior\BuildLiteBehavior [ RunTime:0.000012s ]
INFO: [ app_init ] --END-- [ RunTime:0.000087s ]

[ 2016-12-26T22:29:17+08:00 ] ::1 /thinkphp/home/images/ad_ctr.png
INFO: [ app_init ] --START--
INFO: Run Behavior\BuildLiteBehavior [ RunTime:0.000013s ]
INFO: [ app_init ] --END-- [ RunTime:0.000089s ]

[ 2016-12-26T22:29:18+08:00 ] ::1 /thinkphp/home/img/line.gif
INFO: [ app_init ] --START--
INFO: Run Behavior\BuildLiteBehavior [ RunTime:0.000010s ]
INFO: [ app_init ] --END-- [ RunTime:0.000069s ]

[ 2016-12-26T22:29:18+08:00 ] ::1 /thinkphp/home/images/ad_ctr.png
INFO: [ app_init ] --START--
INFO: Run Behavior\BuildLiteBehavior [ RunTime:0.000014s ]
INFO: [ app_init ] --END-- [ RunTime:0.000095s ]

[ 2016-12-26T22:29:18+08:00 ] ::1 /thinkphp/home/images/dot.png
INFO: [ app_init ] --START--
INFO: Run Behavior\BuildLiteBehavior [ RunTime:0.000012s ]
INFO: [ app_init ] --END-- [ RunTime:0.000079s ]

[ 2016-12-26T22:29:18+08:00 ] ::1 /thinkphp/home/img/line.gif
INFO: [ app_init ] --START--
INFO: Run Behavior\BuildLiteBehavior [ RunTime:0.000010s ]
INFO: [ app_init ] --END-- [ RunTime:0.000067s ]

[ 2016-12-26T22:29:18+08:00 ] ::1 /thinkphp/home/images/ad_ctr.png
INFO: [ app_init ] --START--
INFO: Run Behavior\BuildLiteBehavior [ RunTime:0.000009s ]
INFO: [ app_init ] --END-- [ RunTime:0.000063s ]

[ 2016-12-26T22:29:18+08:00 ] ::1 /thinkphp/home/images/dot.png
INFO: [ app_init ] --START--
INFO: Run Behavior\BuildLiteBehavior [ RunTime:0.000011s ]
INFO: [ app_init ] --END-- [ RunTime:0.000081s ]

[ 2016-12-26T22:29:19+08:00 ] ::1 /thinkphp/home/img/line.gif
INFO: [ app_init ] --START--
INFO: Run Behavior\BuildLiteBehavior [ RunTime:0.000013s ]
INFO: [ app_init ] --END-- [ RunTime:0.000088s ]

[ 2016-12-26T22:29:19+08:00 ] ::1 /thinkphp/home/images/dot.png
INFO: [ app_init ] --START--
INFO: Run Behavior\BuildLiteBehavior [ RunTime:0.000013s ]
INFO: [ app_init ] --END-- [ RunTime:0.000079s ]

[ 2016-12-26T22:29:19+08:00 ] ::1 /thinkphp/home/images/ad_ctr.png
INFO: [ app_init ] --START--
INFO: Run Behavior\BuildLiteBehavior [ RunTime:0.000012s ]
INFO: [ app_init ] --END-- [ RunTime:0.000085s ]

[ 2016-12-26T22:30:39+08:00 ] ::1 /thinkphp/home/img/line.gif
INFO: [ app_init ] --START--
INFO: Run Behavior\BuildLiteBehavior [ RunTime:0.000013s ]
INFO: [ app_init ] --END-- [ RunTime:0.000087s ]

[ 2016-12-26T22:30:39+08:00 ] ::1 /thinkphp/home/images/dot.png
INFO: [ app_init ] --START--
INFO: Run Behavior\BuildLiteBehavior [ RunTime:0.000009s ]
INFO: [ app_init ] --END-- [ RunTime:0.000065s ]

[ 2016-12-26T22:30:39+08:00 ] ::1 /thinkphp/home/images/ad_ctr.png
INFO: [ app_init ] --START--
INFO: Run Behavior\BuildLiteBehavior [ RunTime:0.000013s ]
INFO: [ app_init ] --END-- [ RunTime:0.000084s ]

[ 2016-12-26T22:31:07+08:00 ] ::1 /thinkphp/home/img/line.gif
INFO: [ app_init ] --START--
INFO: Run Behavior\BuildLiteBehavior [ RunTime:0.000018s ]
INFO: [ app_init ] --END-- [ RunTime:0.000115s ]

[ 2016-12-26T22:31:07+08:00 ] ::1 /thinkphp/home/images/ad_ctr.png
INFO: [ app_init ] --START--
INFO: Run Behavior\BuildLiteBehavior [ RunTime:0.000011s ]
INFO: [ app_init ] --END-- [ RunTime:0.000072s ]

[ 2016-12-26T22:31:07+08:00 ] ::1 /thinkphp/home/images/dot.png
INFO: [ app_init ] --START--
INFO: Run Behavior\BuildLiteBehavior [ RunTime:0.000013s ]
INFO: [ app_init ] --END-- [ RunTime:0.000087s ]

[ 2016-12-26T22:31:24+08:00 ] ::1 /thinkphp/home/img/line.gif
INFO: [ app_init ] --START--
INFO: Run Behavior\BuildLiteBehavior [ RunTime:0.000010s ]
INFO: [ app_init ] --END-- [ RunTime:0.000065s ]

[ 2016-12-26T22:31:24+08:00 ] ::1 /thinkphp/home/images/ad_ctr.png
INFO: [ app_init ] --START--
INFO: Run Behavior\BuildLiteBehavior [ RunTime:0.000012s ]
INFO: [ app_init ] --END-- [ RunTime:0.000078s ]

[ 2016-12-26T22:31:24+08:00 ] ::1 /thinkphp/home/images/dot.png
INFO: [ app_init ] --START--
INFO: Run Behavior\BuildLiteBehavior [ RunTime:0.000015s ]
INFO: [ app_init ] --END-- [ RunTime:0.000099s ]

[ 2016-12-26T22:31:25+08:00 ] ::1 /thinkphp/home/img/line.gif
INFO: [ app_init ] --START--
INFO: Run Behavior\BuildLiteBehavior [ RunTime:0.000015s ]
INFO: [ app_init ] --END-- [ RunTime:0.000098s ]

[ 2016-12-26T22:31:25+08:00 ] ::1 /thinkphp/home/images/ad_ctr.png
INFO: [ app_init ] --START--
INFO: Run Behavior\BuildLiteBehavior [ RunTime:0.000018s ]
INFO: [ app_init ] --END-- [ RunTime:0.000114s ]

[ 2016-12-26T22:31:25+08:00 ] ::1 /thinkphp/home/images/dot.png
INFO: [ app_init ] --START--
INFO: Run Behavior\BuildLiteBehavior [ RunTime:0.000013s ]
INFO: [ app_init ] --END-- [ RunTime:0.000088s ]

[ 2016-12-26T22:32:28+08:00 ] ::1 /thinkphp/home/img/line.gif
INFO: [ app_init ] --START--
INFO: Run Behavior\BuildLiteBehavior [ RunTime:0.000009s ]
INFO: [ app_init ] --END-- [ RunTime:0.000066s ]

[ 2016-12-26T22:32:28+08:00 ] ::1 /thinkphp/home/images/dot.png
INFO: [ app_init ] --START--
INFO: Run Behavior\BuildLiteBehavior [ RunTime:0.000010s ]
INFO: [ app_init ] --END-- [ RunTime:0.000064s ]

[ 2016-12-26T22:32:28+08:00 ] ::1 /thinkphp/home/images/ad_ctr.png
INFO: [ app_init ] --START--
INFO: Run Behavior\BuildLiteBehavior [ RunTime:0.000011s ]
INFO: [ app_init ] --END-- [ RunTime:0.000079s ]

[ 2016-12-26T22:32:30+08:00 ] ::1 /thinkphp/home/img/line.gif
INFO: [ app_init ] --START--
INFO: Run Behavior\BuildLiteBehavior [ RunTime:0.000010s ]
INFO: [ app_init ] --END-- [ RunTime:0.000070s ]

[ 2016-12-26T22:32:30+08:00 ] ::1 /thinkphp/home/images/ad_ctr.png
INFO: [ app_init ] --START--
INFO: Run Behavior\BuildLiteBehavior [ RunTime:0.000011s ]
INFO: [ app_init ] --END-- [ RunTime:0.000071s ]

[ 2016-12-26T22:32:30+08:00 ] ::1 /thinkphp/home/images/dot.png
INFO: [ app_init ] --START--
INFO: Run Behavior\BuildLiteBehavior [ RunTime:0.000012s ]
INFO: [ app_init ] --END-- [ RunTime:0.000083s ]

[ 2016-12-26T22:33:29+08:00 ] ::1 /thinkphp/home/img/line.gif
INFO: [ app_init ] --START--
INFO: Run Behavior\BuildLiteBehavior [ RunTime:0.000014s ]
INFO: [ app_init ] --END-- [ RunTime:0.000111s ]

[ 2016-12-26T22:33:29+08:00 ] ::1 /thinkphp/home/images/ad_ctr.png
INFO: [ app_init ] --START--
INFO: Run Behavior\BuildLiteBehavior [ RunTime:0.000013s ]
INFO: [ app_init ] --END-- [ RunTime:0.000095s ]

[ 2016-12-26T22:33:29+08:00 ] ::1 /thinkphp/home/images/dot.png
INFO: [ app_init ] --START--
INFO: Run Behavior\BuildLiteBehavior [ RunTime:0.000016s ]
INFO: [ app_init ] --END-- [ RunTime:0.000097s ]

[ 2016-12-26T22:33:48+08:00 ] ::1 /thinkphp/home/img/line.gif
INFO: [ app_init ] --START--
INFO: Run Behavior\BuildLiteBehavior [ RunTime:0.000010s ]
INFO: [ app_init ] --END-- [ RunTime:0.000066s ]

[ 2016-12-26T22:33:48+08:00 ] ::1 /thinkphp/home/images/ad_ctr.png
INFO: [ app_init ] --START--
INFO: Run Behavior\BuildLiteBehavior [ RunTime:0.000014s ]
INFO: [ app_init ] --END-- [ RunTime:0.000093s ]

[ 2016-12-26T22:33:48+08:00 ] ::1 /thinkphp/home/images/dot.png
INFO: [ app_init ] --START--
INFO: Run Behavior\BuildLiteBehavior [ RunTime:0.000011s ]
INFO: [ app_init ] --END-- [ RunTime:0.000077s ]

[ 2016-12-26T22:34:26+08:00 ] ::1 /thinkphp/home/img/line.gif
INFO: [ app_init ] --START--
INFO: Run Behavior\BuildLiteBehavior [ RunTime:0.000015s ]
INFO: [ app_init ] --END-- [ RunTime:0.000104s ]

[ 2016-12-26T22:34:26+08:00 ] ::1 /thinkphp/home/images/dot.png
INFO: [ app_init ] --START--
INFO: Run Behavior\BuildLiteBehavior [ RunTime:0.000013s ]
INFO: [ app_init ] --END-- [ RunTime:0.000089s ]

[ 2016-12-26T22:34:26+08:00 ] ::1 /thinkphp/home/images/ad_ctr.png
INFO: [ app_init ] --START--
INFO: Run Behavior\BuildLiteBehavior [ RunTime:0.000013s ]
INFO: [ app_init ] --END-- [ RunTime:0.000089s ]

[ 2016-12-26T22:34:38+08:00 ] ::1 /thinkphp/home/img/line.gif
INFO: [ app_init ] --START--
INFO: Run Behavior\BuildLiteBehavior [ RunTime:0.000015s ]
INFO: [ app_init ] --END-- [ RunTime:0.000098s ]

[ 2016-12-26T22:34:38+08:00 ] ::1 /thinkphp/home/images/dot.png
INFO: [ app_init ] --START--
INFO: Run Behavior\BuildLiteBehavior [ RunTime:0.000009s ]
INFO: [ app_init ] --END-- [ RunTime:0.000071s ]

[ 2016-12-26T22:34:38+08:00 ] ::1 /thinkphp/home/images/ad_ctr.png
INFO: [ app_init ] --START--
INFO: Run Behavior\BuildLiteBehavior [ RunTime:0.000012s ]
INFO: [ app_init ] --END-- [ RunTime:0.000080s ]

[ 2016-12-26T22:46:21+08:00 ] ::1 /thinkphp/home/img/line.gif
INFO: [ app_init ] --START--
INFO: Run Behavior\BuildLiteBehavior [ RunTime:0.000009s ]
INFO: [ app_init ] --END-- [ RunTime:0.000066s ]

[ 2016-12-26T22:46:21+08:00 ] ::1 /thinkphp/home/images/ad_ctr.png
INFO: [ app_init ] --START--
INFO: Run Behavior\BuildLiteBehavior [ RunTime:0.000009s ]
INFO: [ app_init ] --END-- [ RunTime:0.000063s ]

[ 2016-12-26T22:46:21+08:00 ] ::1 /thinkphp/home/images/dot.png
INFO: [ app_init ] --START--
INFO: Run Behavior\BuildLiteBehavior [ RunTime:0.000013s ]
INFO: [ app_init ] --END-- [ RunTime:0.000084s ]

[ 2016-12-26T22:49:37+08:00 ] ::1 /thinkphp/home/login/img/line.gif
INFO: [ app_init ] --START--
INFO: Run Behavior\BuildLiteBehavior [ RunTime:0.000014s ]
INFO: [ app_init ] --END-- [ RunTime:0.000095s ]

[ 2016-12-26T22:49:37+08:00 ] ::1 /thinkphp/home/login/images/ad_ctr.png
INFO: [ app_init ] --START--
INFO: Run Behavior\BuildLiteBehavior [ RunTime:0.000015s ]
INFO: [ app_init ] --END-- [ RunTime:0.000096s ]

[ 2016-12-26T22:49:37+08:00 ] ::1 /thinkphp/home/login/images/dot.png
INFO: [ app_init ] --START--
INFO: Run Behavior\BuildLiteBehavior [ RunTime:0.000020s ]
INFO: [ app_init ] --END-- [ RunTime:0.000127s ]

[ 2016-12-26T22:50:06+08:00 ] ::1 /thinkphp/home/login/img/line.gif
INFO: [ app_init ] --START--
INFO: Run Behavior\BuildLiteBehavior [ RunTime:0.000014s ]
INFO: [ app_init ] --END-- [ RunTime:0.000088s ]

[ 2016-12-26T22:50:06+08:00 ] ::1 /thinkphp/home/login/images/dot.png
INFO: [ app_init ] --START--
INFO: Run Behavior\BuildLiteBehavior [ RunTime:0.000013s ]
INFO: [ app_init ] --END-- [ RunTime:0.000091s ]

[ 2016-12-26T22:50:06+08:00 ] ::1 /thinkphp/home/login/images/ad_ctr.png
INFO: [ app_init ] --START--
INFO: Run Behavior\BuildLiteBehavior [ RunTime:0.000013s ]
INFO: [ app_init ] --END-- [ RunTime:0.000091s ]

[ 2016-12-26T22:50:14+08:00 ] ::1 /thinkphp/home/img/line.gif
INFO: [ app_init ] --START--
INFO: Run Behavior\BuildLiteBehavior [ RunTime:0.000016s ]
INFO: [ app_init ] --END-- [ RunTime:0.000099s ]

[ 2016-12-26T22:50:14+08:00 ] ::1 /thinkphp/home/images/ad_ctr.png
INFO: [ app_init ] --START--
INFO: Run Behavior\BuildLiteBehavior [ RunTime:0.000013s ]
INFO: [ app_init ] --END-- [ RunTime:0.000089s ]

[ 2016-12-26T22:50:14+08:00 ] ::1 /thinkphp/home/images/dot.png
INFO: [ app_init ] --START--
INFO: Run Behavior\BuildLiteBehavior [ RunTime:0.000013s ]
INFO: [ app_init ] --END-- [ RunTime:0.000110s ]

[ 2016-12-26T22:53:36+08:00 ] ::1 /thinkphp/home/img/line.gif
INFO: [ app_init ] --START--
INFO: Run Behavior\BuildLiteBehavior [ RunTime:0.000013s ]
INFO: [ app_init ] --END-- [ RunTime:0.000090s ]

[ 2016-12-26T22:53:36+08:00 ] ::1 /thinkphp/home/images/ad_ctr.png
INFO: [ app_init ] --START--
INFO: Run Behavior\BuildLiteBehavior [ RunTime:0.000012s ]
INFO: [ app_init ] --END-- [ RunTime:0.000084s ]

[ 2016-12-26T22:53:36+08:00 ] ::1 /thinkphp/home/images/dot.png
INFO: [ app_init ] --START--
INFO: Run Behavior\BuildLiteBehavior [ RunTime:0.000012s ]
INFO: [ app_init ] --END-- [ RunTime:0.000084s ]

[ 2016-12-26T22:53:41+08:00 ] ::1 /thinkphp/home/img/line.gif
INFO: [ app_init ] --START--
INFO: Run Behavior\BuildLiteBehavior [ RunTime:0.000013s ]
INFO: [ app_init ] --END-- [ RunTime:0.000094s ]

[ 2016-12-26T22:53:41+08:00 ] ::1 /thinkphp/home/images/ad_ctr.png
INFO: [ app_init ] --START--
INFO: Run Behavior\BuildLiteBehavior [ RunTime:0.000014s ]
INFO: [ app_init ] --END-- [ RunTime:0.000097s ]

[ 2016-12-26T22:53:41+08:00 ] ::1 /thinkphp/home/images/dot.png
INFO: [ app_init ] --START--
INFO: Run Behavior\BuildLiteBehavior [ RunTime:0.000016s ]
INFO: [ app_init ] --END-- [ RunTime:0.000099s ]

[ 2016-12-26T22:53:47+08:00 ] ::1 /thinkphp/index.php/thinkphp/home/index/index.html
INFO: [ app_init ] --START--
INFO: Run Behavior\BuildLiteBehavior [ RunTime:0.000019s ]
INFO: [ app_init ] --END-- [ RunTime:0.000153s ]
ERR: 无法加载模块:Thinkphp

[ 2016-12-26T22:54:18+08:00 ] ::1 /thinkphp/index.php/thinkphp/home/index/index.html
INFO: [ app_init ] --START--
INFO: Run Behavior\BuildLiteBehavior [ RunTime:0.000025s ]
INFO: [ app_init ] --END-- [ RunTime:0.000202s ]
ERR: 无法加载模块:Thinkphp

[ 2016-12-26T22:54:26+08:00 ] ::1 /thinkphp/home/img/line.gif
INFO: [ app_init ] --START--
INFO: Run Behavior\BuildLiteBehavior [ RunTime:0.000015s ]
INFO: [ app_init ] --END-- [ RunTime:0.000101s ]

[ 2016-12-26T22:54:26+08:00 ] ::1 /thinkphp/home/images/ad_ctr.png
INFO: [ app_init ] --START--
INFO: Run Behavior\BuildLiteBehavior [ RunTime:0.000015s ]
INFO: [ app_init ] --END-- [ RunTime:0.000096s ]

[ 2016-12-26T22:54:26+08:00 ] ::1 /thinkphp/home/images/dot.png
INFO: [ app_init ] --START--
INFO: Run Behavior\BuildLiteBehavior [ RunTime:0.000014s ]
INFO: [ app_init ] --END-- [ RunTime:0.000112s ]

[ 2016-12-26T22:54:27+08:00 ] ::1 /thinkphp/home/img/line.gif
INFO: [ app_init ] --START--
INFO: Run Behavior\BuildLiteBehavior [ RunTime:0.000010s ]
INFO: [ app_init ] --END-- [ RunTime:0.000066s ]

[ 2016-12-26T22:54:27+08:00 ] ::1 /thinkphp/home/images/dot.png
INFO: [ app_init ] --START--
INFO: Run Behavior\BuildLiteBehavior [ RunTime:0.000013s ]
INFO: [ app_init ] --END-- [ RunTime:0.000088s ]

[ 2016-12-26T22:54:27+08:00 ] ::1 /thinkphp/home/images/ad_ctr.png
INFO: [ app_init ] --START--
INFO: Run Behavior\BuildLiteBehavior [ RunTime:0.000014s ]
INFO: [ app_init ] --END-- [ RunTime:0.000088s ]

[ 2016-12-26T22:54:27+08:00 ] ::1 /thinkphp/home/img/line.gif
INFO: [ app_init ] --START--
INFO: Run Behavior\BuildLiteBehavior [ RunTime:0.000011s ]
INFO: [ app_init ] --END-- [ RunTime:0.000070s ]

[ 2016-12-26T22:54:27+08:00 ] ::1 /thinkphp/home/images/ad_ctr.png
INFO: [ app_init ] --START--
INFO: Run Behavior\BuildLiteBehavior [ RunTime:0.000009s ]
INFO: [ app_init ] --END-- [ RunTime:0.000064s ]

[ 2016-12-26T22:54:27+08:00 ] ::1 /thinkphp/home/images/dot.png
INFO: [ app_init ] --START--
INFO: Run Behavior\BuildLiteBehavior [ RunTime:0.000012s ]
INFO: [ app_init ] --END-- [ RunTime:0.000083s ]

[ 2016-12-26T22:54:27+08:00 ] ::1 /thinkphp/home/img/line.gif
INFO: [ app_init ] --START--
INFO: Run Behavior\BuildLiteBehavior [ RunTime:0.000009s ]
INFO: [ app_init ] --END-- [ RunTime:0.000065s ]

[ 2016-12-26T22:54:27+08:00 ] ::1 /thinkphp/home/images/dot.png
INFO: [ app_init ] --START--
INFO: Run Behavior\BuildLiteBehavior [ RunTime:0.000009s ]
INFO: [ app_init ] --END-- [ RunTime:0.000064s ]

[ 2016-12-26T22:54:27+08:00 ] ::1 /thinkphp/home/images/ad_ctr.png
INFO: [ app_init ] --START--
INFO: Run Behavior\BuildLiteBehavior [ RunTime:0.000011s ]
INFO: [ app_init ] --END-- [ RunTime:0.000073s ]

[ 2016-12-26T22:54:31+08:00 ] ::1 /thinkphp/index.php/home/index/img/line.gif
INFO: [ app_init ] --START--
INFO: Run Behavior\BuildLiteBehavior [ RunTime:0.000013s ]
INFO: [ app_init ] --END-- [ RunTime:0.000088s ]

[ 2016-12-26T22:54:31+08:00 ] ::1 /thinkphp/index.php/home/index/images/ad_ctr.png
INFO: [ app_init ] --START--
INFO: Run Behavior\BuildLiteBehavior [ RunTime:0.000015s ]
INFO: [ app_init ] --END-- [ RunTime:0.000099s ]

[ 2016-12-26T22:54:31+08:00 ] ::1 /thinkphp/index.php/home/index/images/dot.png
INFO: [ app_init ] --START--
INFO: Run Behavior\BuildLiteBehavior [ RunTime:0.000008s ]
INFO: [ app_init ] --END-- [ RunTime:0.000053s ]

[ 2016-12-26T22:55:25+08:00 ] ::1 /thinkphp/home/img/line.gif
INFO: [ app_init ] --START--
INFO: Run Behavior\BuildLiteBehavior [ RunTime:0.000012s ]
INFO: [ app_init ] --END-- [ RunTime:0.000084s ]

[ 2016-12-26T22:55:25+08:00 ] ::1 /thinkphp/home/images/dot.png
INFO: [ app_init ] --START--
INFO: Run Behavior\BuildLiteBehavior [ RunTime:0.000020s ]
INFO: [ app_init ] --END-- [ RunTime:0.000134s ]

[ 2016-12-26T22:55:25+08:00 ] ::1 /thinkphp/home/images/ad_ctr.png
INFO: [ app_init ] --START--
INFO: Run Behavior\BuildLiteBehavior [ RunTime:0.000020s ]
INFO: [ app_init ] --END-- [ RunTime:0.000134s ]

[ 2016-12-26T22:55:27+08:00 ] ::1 /thinkphp/home/img/line.gif
INFO: [ app_init ] --START--
INFO: Run Behavior\BuildLiteBehavior [ RunTime:0.000013s ]
INFO: [ app_init ] --END-- [ RunTime:0.000094s ]

[ 2016-12-26T22:55:27+08:00 ] ::1 /thinkphp/home/images/ad_ctr.png
INFO: [ app_init ] --START--
INFO: Run Behavior\BuildLiteBehavior [ RunTime:0.000012s ]
INFO: [ app_init ] --END-- [ RunTime:0.000083s ]

[ 2016-12-26T22:55:27+08:00 ] ::1 /thinkphp/home/images/dot.png
INFO: [ app_init ] --START--
INFO: Run Behavior\BuildLiteBehavior [ RunTime:0.000012s ]
INFO: [ app_init ] --END-- [ RunTime:0.000083s ]

[ 2016-12-26T22:55:32+08:00 ] ::1 /thinkphp/index.php/home/index/img/line.gif
INFO: [ app_init ] --START--
INFO: Run Behavior\BuildLiteBehavior [ RunTime:0.000012s ]
INFO: [ app_init ] --END-- [ RunTime:0.000077s ]

[ 2016-12-26T22:55:32+08:00 ] ::1 /thinkphp/index.php/home/index/images/dot.png
INFO: [ app_init ] --START--
INFO: Run Behavior\BuildLiteBehavior [ RunTime:0.000009s ]
INFO: [ app_init ] --END-- [ RunTime:0.000065s ]

[ 2016-12-26T22:55:32+08:00 ] ::1 /thinkphp/index.php/home/index/images/ad_ctr.png
INFO: [ app_init ] --START--
INFO: Run Behavior\BuildLiteBehavior [ RunTime:0.000009s ]
INFO: [ app_init ] --END-- [ RunTime:0.000062s ]

[ 2016-12-26T22:56:55+08:00 ] ::1 /thinkphp/index.php/home/index/img/line.gif
INFO: [ app_init ] --START--
INFO: Run Behavior\BuildLiteBehavior [ RunTime:0.000014s ]
INFO: [ app_init ] --END-- [ RunTime:0.000102s ]

[ 2016-12-26T22:56:55+08:00 ] ::1 /thinkphp/index.php/home/index/images/dot.png
INFO: [ app_init ] --START--
INFO: Run Behavior\BuildLiteBehavior [ RunTime:0.000014s ]
INFO: [ app_init ] --END-- [ RunTime:0.000098s ]

[ 2016-12-26T22:56:55+08:00 ] ::1 /thinkphp/index.php/home/index/images/ad_ctr.png
INFO: [ app_init ] --START--
INFO: Run Behavior\BuildLiteBehavior [ RunTime:0.000013s ]
INFO: [ app_init ] --END-- [ RunTime:0.000084s ]

[ 2016-12-26T22:58:01+08:00 ] ::1 /thinkphp/index.php/home/index/img/line.gif
INFO: [ app_init ] --START--
INFO: Run Behavior\BuildLiteBehavior [ RunTime:0.000010s ]
INFO: [ app_init ] --END-- [ RunTime:0.000074s ]

[ 2016-12-26T22:58:01+08:00 ] ::1 /thinkphp/index.php/home/index/images/dot.png
INFO: [ app_init ] --START--
INFO: Run Behavior\BuildLiteBehavior [ RunTime:0.000013s ]
INFO: [ app_init ] --END-- [ RunTime:0.000088s ]

[ 2016-12-26T22:58:01+08:00 ] ::1 /thinkphp/index.php/home/index/images/ad_ctr.png
INFO: [ app_init ] --START--
INFO: Run Behavior\BuildLiteBehavior [ RunTime:0.000014s ]
INFO: [ app_init ] --END-- [ RunTime:0.000094s ]

[ 2016-12-26T22:58:04+08:00 ] ::1 /thinkphp/home/index/img/line.gif
INFO: [ app_init ] --START--
INFO: Run Behavior\BuildLiteBehavior [ RunTime:0.000014s ]
INFO: [ app_init ] --END-- [ RunTime:0.000092s ]

[ 2016-12-26T22:58:04+08:00 ] ::1 /thinkphp/home/index/images/dot.png
INFO: [ app_init ] --START--
INFO: Run Behavior\BuildLiteBehavior [ RunTime:0.000013s ]
INFO: [ app_init ] --END-- [ RunTime:0.000090s ]

[ 2016-12-26T22:58:04+08:00 ] ::1 /thinkphp/home/index/images/ad_ctr.png
INFO: [ app_init ] --START--
INFO: Run Behavior\BuildLiteBehavior [ RunTime:0.000013s ]
INFO: [ app_init ] --END-- [ RunTime:0.000090s ]

[ 2016-12-26T22:58:07+08:00 ] ::1 /thinkphp/home/index/img/line.gif
INFO: [ app_init ] --START--
INFO: Run Behavior\BuildLiteBehavior [ RunTime:0.000022s ]
INFO: [ app_init ] --END-- [ RunTime:0.000166s ]

[ 2016-12-26T22:58:07+08:00 ] ::1 /thinkphp/home/index/images/ad_ctr.png
INFO: [ app_init ] --START--
INFO: Run Behavior\BuildLiteBehavior [ RunTime:0.000013s ]
INFO: [ app_init ] --END-- [ RunTime:0.000095s ]

[ 2016-12-26T22:58:07+08:00 ] ::1 /thinkphp/home/index/images/dot.png
INFO: [ app_init ] --START--
INFO: Run Behavior\BuildLiteBehavior [ RunTime:0.000014s ]
INFO: [ app_init ] --END-- [ RunTime:0.000092s ]

[ 2016-12-26T22:58:08+08:00 ] ::1 /thinkphp/home/index/img/line.gif
INFO: [ app_init ] --START--
INFO: Run Behavior\BuildLiteBehavior [ RunTime:0.000012s ]
INFO: [ app_init ] --END-- [ RunTime:0.000096s ]

[ 2016-12-26T22:58:08+08:00 ] ::1 /thinkphp/home/index/images/ad_ctr.png
INFO: [ app_init ] --START--
INFO: Run Behavior\BuildLiteBehavior [ RunTime:0.000013s ]
INFO: [ app_init ] --END-- [ RunTime:0.000096s ]

[ 2016-12-26T22:58:08+08:00 ] ::1 /thinkphp/home/index/images/dot.png
INFO: [ app_init ] --START--
INFO: Run Behavior\BuildLiteBehavior [ RunTime:0.000012s ]
INFO: [ app_init ] --END-- [ RunTime:0.000081s ]

[ 2016-12-26T22:58:09+08:00 ] ::1 /thinkphp/home/index/img/line.gif
INFO: [ app_init ] --START--
INFO: Run Behavior\BuildLiteBehavior [ RunTime:0.000013s ]
INFO: [ app_init ] --END-- [ RunTime:0.000090s ]

[ 2016-12-26T22:58:09+08:00 ] ::1 /thinkphp/home/index/images/dot.png
INFO: [ app_init ] --START--
INFO: Run Behavior\BuildLiteBehavior [ RunTime:0.000009s ]
INFO: [ app_init ] --END-- [ RunTime:0.000065s ]

[ 2016-12-26T22:58:09+08:00 ] ::1 /thinkphp/home/index/images/ad_ctr.png
INFO: [ app_init ] --START--
INFO: Run Behavior\BuildLiteBehavior [ RunTime:0.000010s ]
INFO: [ app_init ] --END-- [ RunTime:0.000073s ]

[ 2016-12-26T23:02:23+08:00 ] ::1 /thinkphp/home/img/line.gif
INFO: [ app_init ] --START--
INFO: Run Behavior\BuildLiteBehavior [ RunTime:0.000011s ]
INFO: [ app_init ] --END-- [ RunTime:0.000080s ]

[ 2016-12-26T23:02:23+08:00 ] ::1 /thinkphp/home/images/dot.png
INFO: [ app_init ] --START--
INFO: Run Behavior\BuildLiteBehavior [ RunTime:0.000009s ]
INFO: [ app_init ] --END-- [ RunTime:0.000064s ]

[ 2016-12-26T23:02:23+08:00 ] ::1 /thinkphp/home/images/ad_ctr.png
INFO: [ app_init ] --START--
INFO: Run Behavior\BuildLiteBehavior [ RunTime:0.000014s ]
INFO: [ app_init ] --END-- [ RunTime:0.000089s ]

[ 2016-12-26T23:02:26+08:00 ] ::1 /thinkphp/home/img/line.gif
INFO: [ app_init ] --START--
INFO: Run Behavior\BuildLiteBehavior [ RunTime:0.000013s ]
INFO: [ app_init ] --END-- [ RunTime:0.000091s ]

[ 2016-12-26T23:02:26+08:00 ] ::1 /thinkphp/home/images/ad_ctr.png
INFO: [ app_init ] --START--
INFO: Run Behavior\BuildLiteBehavior [ RunTime:0.000010s ]
INFO: [ app_init ] --END-- [ RunTime:0.000066s ]

[ 2016-12-26T23:02:26+08:00 ] ::1 /thinkphp/home/images/dot.png
INFO: [ app_init ] --START--
INFO: Run Behavior\BuildLiteBehavior [ RunTime:0.000009s ]
INFO: [ app_init ] --END-- [ RunTime:0.000063s ]

[ 2016-12-26T23:02:27+08:00 ] ::1 /thinkphp/home/img/line.gif
INFO: [ app_init ] --START--
INFO: Run Behavior\BuildLiteBehavior [ RunTime:0.000014s ]
INFO: [ app_init ] --END-- [ RunTime:0.000097s ]

[ 2016-12-26T23:02:27+08:00 ] ::1 /thinkphp/home/images/dot.png
INFO: [ app_init ] --START--
INFO: Run Behavior\BuildLiteBehavior [ RunTime:0.000013s ]
INFO: [ app_init ] --END-- [ RunTime:0.000087s ]

[ 2016-12-26T23:02:27+08:00 ] ::1 /thinkphp/home/images/ad_ctr.png
INFO: [ app_init ] --START--
INFO: Run Behavior\BuildLiteBehavior [ RunTime:0.000011s ]
INFO: [ app_init ] --END-- [ RunTime:0.000075s ]

[ 2016-12-26T23:02:54+08:00 ] ::1 /thinkphp/index.php/home/index/img/line.gif
INFO: [ app_init ] --START--
INFO: Run Behavior\BuildLiteBehavior [ RunTime:0.000016s ]
INFO: [ app_init ] --END-- [ RunTime:0.000126s ]

[ 2016-12-26T23:02:54+08:00 ] ::1 /thinkphp/index.php/home/index/images/dot.png
INFO: [ app_init ] --START--
INFO: Run Behavior\BuildLiteBehavior [ RunTime:0.000009s ]
INFO: [ app_init ] --END-- [ RunTime:0.000063s ]

[ 2016-12-26T23:02:54+08:00 ] ::1 /thinkphp/index.php/home/index/images/ad_ctr.png
INFO: [ app_init ] --START--
INFO: Run Behavior\BuildLiteBehavior [ RunTime:0.000012s ]
INFO: [ app_init ] --END-- [ RunTime:0.000080s ]

[ 2016-12-26T23:03:29+08:00 ] ::1 /thinkphp/index.php/home/index/img/line.gif
INFO: [ app_init ] --START--
INFO: Run Behavior\BuildLiteBehavior [ RunTime:0.000013s ]
INFO: [ app_init ] --END-- [ RunTime:0.000089s ]

[ 2016-12-26T23:03:29+08:00 ] ::1 /thinkphp/index.php/home/index/images/ad_ctr.png
INFO: [ app_init ] --START--
INFO: Run Behavior\BuildLiteBehavior [ RunTime:0.000014s ]
INFO: [ app_init ] --END-- [ RunTime:0.000104s ]

[ 2016-12-26T23:03:29+08:00 ] ::1 /thinkphp/index.php/home/index/images/dot.png
INFO: [ app_init ] --START--
INFO: Run Behavior\BuildLiteBehavior [ RunTime:0.000012s ]
INFO: [ app_init ] --END-- [ RunTime:0.000084s ]

[ 2016-12-26T23:03:50+08:00 ] ::1 /thinkphp/index.php/home/index/img/line.gif
INFO: [ app_init ] --START--
INFO: Run Behavior\BuildLiteBehavior [ RunTime:0.000010s ]
INFO: [ app_init ] --END-- [ RunTime:0.000067s ]

[ 2016-12-26T23:03:50+08:00 ] ::1 /thinkphp/index.php/home/index/images/ad_ctr.png
INFO: [ app_init ] --START--
INFO: Run Behavior\BuildLiteBehavior [ RunTime:0.000009s ]
INFO: [ app_init ] --END-- [ RunTime:0.000065s ]

[ 2016-12-26T23:03:50+08:00 ] ::1 /thinkphp/index.php/home/index/images/dot.png
INFO: [ app_init ] --START--
INFO: Run Behavior\BuildLiteBehavior [ RunTime:0.000012s ]
INFO: [ app_init ] --END-- [ RunTime:0.000083s ]

[ 2016-12-26T23:03:56+08:00 ] ::1 /thinkphp/index.php/home/index/img/line.gif
INFO: [ app_init ] --START--
INFO: Run Behavior\BuildLiteBehavior [ RunTime:0.000035s ]
INFO: [ app_init ] --END-- [ RunTime:0.000155s ]

[ 2016-12-26T23:03:56+08:00 ] ::1 /thinkphp/index.php/home/index/images/ad_ctr.png
INFO: [ app_init ] --START--
INFO: Run Behavior\BuildLiteBehavior [ RunTime:0.000010s ]
INFO: [ app_init ] --END-- [ RunTime:0.000064s ]

[ 2016-12-26T23:03:56+08:00 ] ::1 /thinkphp/index.php/home/index/images/dot.png
INFO: [ app_init ] --START--
INFO: Run Behavior\BuildLiteBehavior [ RunTime:0.000013s ]
INFO: [ app_init ] --END-- [ RunTime:0.000089s ]

[ 2016-12-26T23:03:58+08:00 ] ::1 /thinkphp/home/index/img/line.gif
INFO: [ app_init ] --START--
INFO: Run Behavior\BuildLiteBehavior [ RunTime:0.000016s ]
INFO: [ app_init ] --END-- [ RunTime:0.000108s ]

[ 2016-12-26T23:03:58+08:00 ] ::1 /thinkphp/home/index/images/ad_ctr.png
INFO: [ app_init ] --START--
INFO: Run Behavior\BuildLiteBehavior [ RunTime:0.000012s ]
INFO: [ app_init ] --END-- [ RunTime:0.000086s ]

[ 2016-12-26T23:03:58+08:00 ] ::1 /thinkphp/home/index/images/dot.png
INFO: [ app_init ] --START--
INFO: Run Behavior\BuildLiteBehavior [ RunTime:0.000014s ]
INFO: [ app_init ] --END-- [ RunTime:0.000091s ]

[ 2016-12-26T23:06:21+08:00 ] ::1 /thinkphp/home/img/line.gif
INFO: [ app_init ] --START--
INFO: Run Behavior\BuildLiteBehavior [ RunTime:0.000009s ]
INFO: [ app_init ] --END-- [ RunTime:0.000063s ]

[ 2016-12-26T23:06:21+08:00 ] ::1 /thinkphp/home/images/ad_ctr.png
INFO: [ app_init ] --START--
INFO: Run Behavior\BuildLiteBehavior [ RunTime:0.000009s ]
INFO: [ app_init ] --END-- [ RunTime:0.000065s ]

[ 2016-12-26T23:06:21+08:00 ] ::1 /thinkphp/home/images/dot.png
INFO: [ app_init ] --START--
INFO: Run Behavior\BuildLiteBehavior [ RunTime:0.000010s ]
INFO: [ app_init ] --END-- [ RunTime:0.000073s ]

[ 2016-12-26T23:06:25+08:00 ] ::1 /thinkphp/home/img/line.gif
INFO: [ app_init ] --START--
INFO: Run Behavior\BuildLiteBehavior [ RunTime:0.000009s ]
INFO: [ app_init ] --END-- [ RunTime:0.000064s ]

[ 2016-12-26T23:06:25+08:00 ] ::1 /thinkphp/home/images/dot.png
INFO: [ app_init ] --START--
INFO: Run Behavior\BuildLiteBehavior [ RunTime:0.000010s ]
INFO: [ app_init ] --END-- [ RunTime:0.000064s ]

[ 2016-12-26T23:06:25+08:00 ] ::1 /thinkphp/home/images/ad_ctr.png
INFO: [ app_init ] --START--
INFO: Run Behavior\BuildLiteBehavior [ RunTime:0.000009s ]
INFO: [ app_init ] --END-- [ RunTime:0.000145s ]

[ 2016-12-26T23:06:26+08:00 ] ::1 /thinkphp/home/img/line.gif
INFO: [ app_init ] --START--
INFO: Run Behavior\BuildLiteBehavior [ RunTime:0.000014s ]
INFO: [ app_init ] --END-- [ RunTime:0.000093s ]

[ 2016-12-26T23:06:26+08:00 ] ::1 /thinkphp/home/images/ad_ctr.png
INFO: [ app_init ] --START--
INFO: Run Behavior\BuildLiteBehavior [ RunTime:0.000014s ]
INFO: [ app_init ] --END-- [ RunTime:0.000096s ]

[ 2016-12-26T23:06:26+08:00 ] ::1 /thinkphp/home/images/dot.png
INFO: [ app_init ] --START--
INFO: Run Behavior\BuildLiteBehavior [ RunTime:0.000013s ]
INFO: [ app_init ] --END-- [ RunTime:0.000090s ]

[ 2016-12-26T23:07:37+08:00 ] ::1 /thinkphp/home/img/line.gif
INFO: [ app_init ] --START--
INFO: Run Behavior\BuildLiteBehavior [ RunTime:0.000012s ]
INFO: [ app_init ] --END-- [ RunTime:0.000086s ]

[ 2016-12-26T23:07:37+08:00 ] ::1 /thinkphp/home/images/dot.png
INFO: [ app_init ] --START--
INFO: Run Behavior\BuildLiteBehavior [ RunTime:0.000010s ]
INFO: [ app_init ] --END-- [ RunTime:0.000066s ]

[ 2016-12-26T23:07:37+08:00 ] ::1 /thinkphp/home/images/ad_ctr.png
INFO: [ app_init ] --START--
INFO: Run Behavior\BuildLiteBehavior [ RunTime:0.000010s ]
INFO: [ app_init ] --END-- [ RunTime:0.000073s ]

[ 2016-12-26T23:07:49+08:00 ] ::1 /thinkphp/home/img/line.gif
INFO: [ app_init ] --START--
INFO: Run Behavior\BuildLiteBehavior [ RunTime:0.000012s ]
INFO: [ app_init ] --END-- [ RunTime:0.000080s ]

[ 2016-12-26T23:07:49+08:00 ] ::1 /thinkphp/home/images/dot.png
INFO: [ app_init ] --START--
INFO: Run Behavior\BuildLiteBehavior [ RunTime:0.000016s ]
INFO: [ app_init ] --END-- [ RunTime:0.000110s ]

[ 2016-12-26T23:07:49+08:00 ] ::1 /thinkphp/home/images/ad_ctr.png
INFO: [ app_init ] --START--
INFO: Run Behavior\BuildLiteBehavior [ RunTime:0.000016s ]
INFO: [ app_init ] --END-- [ RunTime:0.000120s ]

[ 2016-12-26T23:07:52+08:00 ] ::1 /thinkphp/home/img/line.gif
INFO: [ app_init ] --START--
INFO: Run Behavior\BuildLiteBehavior [ RunTime:0.000015s ]
INFO: [ app_init ] --END-- [ RunTime:0.000171s ]

[ 2016-12-26T23:07:52+08:00 ] ::1 /thinkphp/home/images/ad_ctr.png
INFO: [ app_init ] --START--
INFO: Run Behavior\BuildLiteBehavior [ RunTime:0.000015s ]
INFO: [ app_init ] --END-- [ RunTime:0.000103s ]

[ 2016-12-26T23:07:52+08:00 ] ::1 /thinkphp/home/images/dot.png
INFO: [ app_init ] --START--
INFO: Run Behavior\BuildLiteBehavior [ RunTime:0.000015s ]
INFO: [ app_init ] --END-- [ RunTime:0.000103s ]

[ 2016-12-26T23:07:53+08:00 ] ::1 /thinkphp/home/img/line.gif
INFO: [ app_init ] --START--
INFO: Run Behavior\BuildLiteBehavior [ RunTime:0.000009s ]
INFO: [ app_init ] --END-- [ RunTime:0.000066s ]

[ 2016-12-26T23:07:53+08:00 ] ::1 /thinkphp/home/images/ad_ctr.png
INFO: [ app_init ] --START--
INFO: Run Behavior\BuildLiteBehavior [ RunTime:0.000009s ]
INFO: [ app_init ] --END-- [ RunTime:0.000064s ]

[ 2016-12-26T23:07:53+08:00 ] ::1 /thinkphp/home/images/dot.png
INFO: [ app_init ] --START--
INFO: Run Behavior\BuildLiteBehavior [ RunTime:0.000012s ]
INFO: [ app_init ] --END-- [ RunTime:0.000083s ]

[ 2016-12-26T23:08:27+08:00 ] ::1 /thinkphp/home/img/line.gif
INFO: [ app_init ] --START--
INFO: Run Behavior\BuildLiteBehavior [ RunTime:0.000013s ]
INFO: [ app_init ] --END-- [ RunTime:0.000089s ]

[ 2016-12-26T23:08:27+08:00 ] ::1 /thinkphp/home/images/dot.png
INFO: [ app_init ] --START--
INFO: Run Behavior\BuildLiteBehavior [ RunTime:0.000009s ]
INFO: [ app_init ] --END-- [ RunTime:0.000064s ]

[ 2016-12-26T23:08:27+08:00 ] ::1 /thinkphp/home/images/ad_ctr.png
INFO: [ app_init ] --START--
INFO: Run Behavior\BuildLiteBehavior [ RunTime:0.000010s ]
INFO: [ app_init ] --END-- [ RunTime:0.000074s ]

[ 2016-12-26T23:08:33+08:00 ] ::1 /thinkphp/index.php/home/index/img/line.gif
INFO: [ app_init ] --START--
INFO: Run Behavior\BuildLiteBehavior [ RunTime:0.000013s ]
INFO: [ app_init ] --END-- [ RunTime:0.000100s ]

[ 2016-12-26T23:08:33+08:00 ] ::1 /thinkphp/index.php/home/index/images/ad_ctr.png
INFO: [ app_init ] --START--
INFO: Run Behavior\BuildLiteBehavior [ RunTime:0.000012s ]
INFO: [ app_init ] --END-- [ RunTime:0.000084s ]

[ 2016-12-26T23:08:33+08:00 ] ::1 /thinkphp/index.php/home/index/images/dot.png
INFO: [ app_init ] --START--
INFO: Run Behavior\BuildLiteBehavior [ RunTime:0.000012s ]
INFO: [ app_init ] --END-- [ RunTime:0.000084s ]

[ 2016-12-26T23:11:20+08:00 ] ::1 /thinkphp/index.php/home/index/img/line.gif
INFO: [ app_init ] --START--
INFO: Run Behavior\BuildLiteBehavior [ RunTime:0.000013s ]
INFO: [ app_init ] --END-- [ RunTime:0.000092s ]

[ 2016-12-26T23:11:20+08:00 ] ::1 /thinkphp/index.php/home/index/images/ad_ctr.png
INFO: [ app_init ] --START--
INFO: Run Behavior\BuildLiteBehavior [ RunTime:0.000013s ]
INFO: [ app_init ] --END-- [ RunTime:0.000089s ]

[ 2016-12-26T23:11:20+08:00 ] ::1 /thinkphp/index.php/home/index/images/dot.png
INFO: [ app_init ] --START--
INFO: Run Behavior\BuildLiteBehavior [ RunTime:0.000014s ]
INFO: [ app_init ] --END-- [ RunTime:0.000090s ]

[ 2016-12-26T23:11:21+08:00 ] ::1 /thinkphp/home/img/line.gif
INFO: [ app_init ] --START--
INFO: Run Behavior\BuildLiteBehavior [ RunTime:0.000013s ]
INFO: [ app_init ] --END-- [ RunTime:0.000086s ]

[ 2016-12-26T23:11:21+08:00 ] ::1 /thinkphp/home/images/ad_ctr.png
INFO: [ app_init ] --START--
INFO: Run Behavior\BuildLiteBehavior [ RunTime:0.000013s ]
INFO: [ app_init ] --END-- [ RunTime:0.000090s ]

[ 2016-12-26T23:11:21+08:00 ] ::1 /thinkphp/home/images/dot.png
INFO: [ app_init ] --START--
INFO: Run Behavior\BuildLiteBehavior [ RunTime:0.000012s ]
INFO: [ app_init ] --END-- [ RunTime:0.000088s ]

[ 2016-12-26T23:11:24+08:00 ] ::1 /thinkphp/home/img/line.gif
INFO: [ app_init ] --START--
INFO: Run Behavior\BuildLiteBehavior [ RunTime:0.000009s ]
INFO: [ app_init ] --END-- [ RunTime:0.000062s ]

[ 2016-12-26T23:11:24+08:00 ] ::1 /thinkphp/home/images/ad_ctr.png
INFO: [ app_init ] --START--
INFO: Run Behavior\BuildLiteBehavior [ RunTime:0.000010s ]
INFO: [ app_init ] --END-- [ RunTime:0.000067s ]

[ 2016-12-26T23:11:24+08:00 ] ::1 /thinkphp/home/images/dot.png
INFO: [ app_init ] --START--
INFO: Run Behavior\BuildLiteBehavior [ RunTime:0.000010s ]
INFO: [ app_init ] --END-- [ RunTime:0.000074s ]

[ 2016-12-26T23:11:27+08:00 ] ::1 /thinkphp/home/img/line.gif
INFO: [ app_init ] --START--
INFO: Run Behavior\BuildLiteBehavior [ RunTime:0.000010s ]
INFO: [ app_init ] --END-- [ RunTime:0.000067s ]

[ 2016-12-26T23:11:27+08:00 ] ::1 /thinkphp/home/images/dot.png
INFO: [ app_init ] --START--
INFO: Run Behavior\BuildLiteBehavior [ RunTime:0.000009s ]
INFO: [ app_init ] --END-- [ RunTime:0.000066s ]

[ 2016-12-26T23:11:27+08:00 ] ::1 /thinkphp/home/images/ad_ctr.png
INFO: [ app_init ] --START--
INFO: Run Behavior\BuildLiteBehavior [ RunTime:0.000013s ]
INFO: [ app_init ] --END-- [ RunTime:0.000091s ]

[ 2016-12-26T23:12:13+08:00 ] ::1 /thinkphp/home/img/line.gif
INFO: [ app_init ] --START--
INFO: Run Behavior\BuildLiteBehavior [ RunTime:0.000015s ]
INFO: [ app_init ] --END-- [ RunTime:0.000099s ]

[ 2016-12-26T23:12:13+08:00 ] ::1 /thinkphp/home/images/ad_ctr.png
INFO: [ app_init ] --START--
INFO: Run Behavior\BuildLiteBehavior [ RunTime:0.000015s ]
INFO: [ app_init ] --END-- [ RunTime:0.000106s ]

[ 2016-12-26T23:12:13+08:00 ] ::1 /thinkphp/home/images/dot.png
INFO: [ app_init ] --START--
INFO: Run Behavior\BuildLiteBehavior [ RunTime:0.000015s ]
INFO: [ app_init ] --END-- [ RunTime:0.000099s ]

[ 2016-12-26T23:12:14+08:00 ] ::1 /thinkphp/home/img/line.gif
INFO: [ app_init ] --START--
INFO: Run Behavior\BuildLiteBehavior [ RunTime:0.000013s ]
INFO: [ app_init ] --END-- [ RunTime:0.000089s ]

[ 2016-12-26T23:12:14+08:00 ] ::1 /thinkphp/home/images/ad_ctr.png
INFO: [ app_init ] --START--
INFO: Run Behavior\BuildLiteBehavior [ RunTime:0.000013s ]
INFO: [ app_init ] --END-- [ RunTime:0.000092s ]

[ 2016-12-26T23:12:14+08:00 ] ::1 /thinkphp/home/images/dot.png
INFO: [ app_init ] --START--
INFO: Run Behavior\BuildLiteBehavior [ RunTime:0.000015s ]
INFO: [ app_init ] --END-- [ RunTime:0.000106s ]

